[2016.04.14-00.40.16:948][  0]Log file open, 04/14/16 09:40:16
[2016.04.14-00.40.16:948][  0]LogInit:Display: Running engine for game: YouHaShock
[2016.04.14-00.40.16:948][  0]LogPlatformFile: Not using cached read wrapper
[2016.04.14-00.40.16:948][  0]LogInit:Display: RandInit(1251418297) SRandInit(1251418298).
[2016.04.14-00.40.16:948][  0]LogTaskGraph: Started task graph with 4 named threads and 7 total threads.
[2016.04.14-00.40.16:948][  0]LogStats: Stats thread started at 0.082798
[2016.04.14-00.40.16:948][  0]LogInit: Version: 4.10.4-2872498+++depot+UE4-Releases+4.10
[2016.04.14-00.40.16:948][  0]LogInit: API Version: 2758231
[2016.04.14-00.40.16:948][  0]LogInit: Compiled (64-bit): Feb 18 2016 15:47:04
[2016.04.14-00.40.16:948][  0]LogInit: Compiled with Visual C++: 19.00.23026.00
[2016.04.14-00.40.16:948][  0]LogInit: Build Configuration: Development
[2016.04.14-00.40.16:948][  0]LogInit: Branch Name: ++depot+UE4-Releases+4.10
[2016.04.14-00.40.16:948][  0]LogInit: Command line:  
[2016.04.14-00.40.16:948][  0]LogInit: Base directory: C:/Program Files (x86)/Epic Games/4.10/Engine/Binaries/Win64/
[2016.04.14-00.40.16:948][  0]LogInit: Rocket: 1
[2016.04.14-00.40.16:953][  0]LogInit: Using libcurl 7.41.0
[2016.04.14-00.40.16:953][  0]LogInit:  - built for x86_64-pc-win32
[2016.04.14-00.40.16:953][  0]LogInit:  - supports SSL with WinSSL
[2016.04.14-00.40.16:953][  0]LogInit:  - other features:
[2016.04.14-00.40.16:953][  0]LogInit:      CURL_VERSION_SSL
[2016.04.14-00.40.16:953][  0]LogInit:      CURL_VERSION_IPV6
[2016.04.14-00.40.16:953][  0]LogInit:      CURL_VERSION_ASYNCHDNS
[2016.04.14-00.40.16:953][  0]LogInit:      CURL_VERSION_LARGEFILE
[2016.04.14-00.40.16:953][  0]LogInit:      CURL_VERSION_IDN
[2016.04.14-00.40.16:953][  0]LogInit:  CurlRequestOptions (configurable via config and command line):
[2016.04.14-00.40.16:953][  0]LogInit:  - bVerifyPeer = true  - Libcurl will verify peer certificate
[2016.04.14-00.40.16:953][  0]LogInit:  - bUseHttpProxy = false  - Libcurl will NOT use HTTP proxy
[2016.04.14-00.40.16:953][  0]LogInit:  - bDontReuseConnections = false  - Libcurl will reuse connections
[2016.04.14-00.40.16:953][  0]LogInit:  - CertBundlePath = nullptr  - Libcurl will use whatever was configured at build time.
[2016.04.14-00.40.16:957][  0]LogInit: Presizing for 0 objects not considered by GC, pre-allocating 0 bytes.
[2016.04.14-00.40.16:962][  0]LogInit: Object subsystem initialized
[2016.04.14-00.40.16:962][  0]LogInit: Selected Device Profile: [Windows]
[2016.04.14-00.40.16:962][  0]LogInit: Applying CVar settings loaded from the selected device profile: [Windows]
[2016.04.14-00.40.16:974][  0]LogInit: Computer: DESKTOP-OA538MI
[2016.04.14-00.40.16:974][  0]LogInit: User: 136i7670002
[2016.04.14-00.40.16:974][  0]LogInit: CPU Page size=4096, Cores=4
[2016.04.14-00.40.16:974][  0]LogInit: High frequency timer resolution =3.328131 MHz
[2016.04.14-00.40.16:974][  0]LogMemory: Memory total: Physical=7.9GB (8GB approx)
[2016.04.14-00.40.16:974][  0]LogMemory: Platform Memory Stats for Windows
[2016.04.14-00.40.16:974][  0]LogMemory: Process Physical Memory: 56.26 MB used, 56.26 MB peak
[2016.04.14-00.40.16:974][  0]LogMemory: Process Virtual Memory: 58.66 MB used, 58.66 MB peak
[2016.04.14-00.40.16:974][  0]LogMemory: Physical Memory: 2557.01 MB used, 8112.36 MB total
[2016.04.14-00.40.16:974][  0]LogMemory: Virtual Memory: 384.09 MB used, 134217728.00 MB total
[2016.04.14-00.40.17:031][  0]LogTextLocalizationManager: No specific translations for ('ja-JP') exist, so ('ja') translations will be used.
[2016.04.14-00.40.17:107][  0]LogTextLocalizationManager:Warning: Loaded localization resources contain conflicting entries for (Namespace:K2Node, Key:false):
Localization Resource: (C:/Program Files (x86)/Epic Games/4.10/Engine/Content/Localization/EditorTutorials/ja/EditorTutorials.locres) Source String Hash: (816077464) Localized String: (偽)
Localization Resource: (C:/Program Files (x86)/Epic Games/4.10/Engine/Content/Localization/Engine/ja/Engine.locres) Source String Hash: (816077464) Localized String: (false)
[2016.04.14-00.40.17:107][  0]LogTextLocalizationManager:Warning: Loaded localization resources contain conflicting entries for (Namespace:K2Node, Key:true):
Localization Resource: (C:/Program Files (x86)/Epic Games/4.10/Engine/Content/Localization/EditorTutorials/ja/EditorTutorials.locres) Source String Hash: (-942328987) Localized String: (真)
Localization Resource: (C:/Program Files (x86)/Epic Games/4.10/Engine/Content/Localization/Engine/ja/Engine.locres) Source String Hash: (-942328987) Localized String: (true)
[2016.04.14-00.40.17:107][  0]LogTextLocalizationManager:Warning: Loaded localization resources contain conflicting entries for (Namespace:UObjectToolTips, Key:AnimNode_BlendSpacePlayer:bLoop):
Localization Resource: (C:/Program Files (x86)/Epic Games/4.10/Engine/Content/Localization/EditorTutorials/ja/EditorTutorials.locres) Source String Hash: (2133979316) Localized String: (再生が最後まで終わった後、ロープ再生するようにしますか？)
Localization Resource: (C:/Program Files (x86)/Epic Games/4.10/Engine/Content/Localization/ToolTips/ja/ToolTips.locres) Source String Hash: (2133979316) Localized String: (ループが最後まで到達した時に、アニメーションのループを継続するべきか？)
[2016.04.14-00.40.17:107][  0]LogTextLocalizationManager:Warning: Loaded localization resources contain conflicting entries for (Namespace:UObjectToolTips, Key:AnimNode_BlendSpacePlayer:X):
Localization Resource: (C:/Program Files (x86)/Epic Games/4.10/Engine/Content/Localization/EditorTutorials/ja/EditorTutorials.locres) Source String Hash: (2060772590) Localized String: (ブレンドスペースで値を取得するX座標)
Localization Resource: (C:/Program Files (x86)/Epic Games/4.10/Engine/Content/Localization/ToolTips/ja/ToolTips.locres) Source String Hash: (2060772590) Localized String: (ブレンドスペースでサンプリングするX座標)
[2016.04.14-00.40.17:107][  0]LogTextLocalizationManager:Warning: Loaded localization resources contain conflicting entries for (Namespace:UObjectToolTips, Key:AnimNode_BlendSpacePlayer:Y):
Localization Resource: (C:/Program Files (x86)/Epic Games/4.10/Engine/Content/Localization/EditorTutorials/ja/EditorTutorials.locres) Source String Hash: (-1719607538) Localized String: (ブレンドスペースで値を取得するY座標)
Localization Resource: (C:/Program Files (x86)/Epic Games/4.10/Engine/Content/Localization/ToolTips/ja/ToolTips.locres) Source String Hash: (-1719607538) Localized String: (ブレンドスペースでサンプリングするY座標)
[2016.04.14-00.40.17:107][  0]LogTextLocalizationManager:Warning: Loaded localization resources contain conflicting entries for (Namespace:UObjectToolTips, Key:AnimNode_BlendSpacePlayer:Z):
Localization Resource: (C:/Program Files (x86)/Epic Games/4.10/Engine/Content/Localization/EditorTutorials/ja/EditorTutorials.locres) Source String Hash: (1728943471) Localized String: (ブレンドスペースで値を取得するZ座標)
Localization Resource: (C:/Program Files (x86)/Epic Games/4.10/Engine/Content/Localization/ToolTips/ja/ToolTips.locres) Source String Hash: (1728943471) Localized String: (ブレンドスペースでサンプリングするZ座標)
[2016.04.14-00.40.17:107][  0]LogTextLocalizationManager:Warning: Loaded localization resources contain conflicting entries for (Namespace:UObjectToolTips, Key:AnimNode_BlendSpacePlayer:BlendSpace):
Localization Resource: (C:/Program Files (x86)/Epic Games/4.10/Engine/Content/Localization/EditorTutorials/ja/EditorTutorials.locres) Source String Hash: (1599043277) Localized String: (再生するブレンドスペースのアセット)
Localization Resource: (C:/Program Files (x86)/Epic Games/4.10/Engine/Content/Localization/ToolTips/ja/ToolTips.locres) Source String Hash: (1599043277) Localized String: (再生するブレンド空間アセット)
[2016.04.14-00.40.17:107][  0]LogTextLocalizationManager:Warning: Loaded localization resources contain conflicting entries for (Namespace:UObjectToolTips, Key:AnimNode_StateMachine:MaxTransitionsPerFrame):
Localization Resource: (C:/Program Files (x86)/Epic Games/4.10/Engine/Content/Localization/EditorTutorials/ja/EditorTutorials.locres) Source String Hash: (1567650430) Localized String: (このマシーンで1フレームあたりに同時に処理できるトランジションの最大数)
Localization Resource: (C:/Program Files (x86)/Epic Games/4.10/Engine/Content/Localization/ToolTips/ja/ToolTips.locres) Source String Hash: (1567650430) Localized String: (単一フレームでマシーンが「同時」に受け取れる遷移の最大数)
[2016.04.14-00.40.17:107][  0]LogTextLocalizationManager:Warning: Loaded localization resources contain conflicting entries for (Namespace:UObjectToolTips, Key:AnimNode_BlendSpacePlayer:PlayRate):
Localization Resource: (C:/Program Files (x86)/Epic Games/4.10/Engine/Content/Localization/EditorTutorials/ja/EditorTutorials.locres) Source String Hash: (-1274923958) Localized String: (再生速度の倍率です。負の数値も使う事ができます。その場合逆再生になります。)
Localization Resource: (C:/Program Files (x86)/Epic Games/4.10/Engine/Content/Localization/ToolTips/ja/ToolTips.locres) Source String Hash: (-1274923958) Localized String: (再生レート乗数。アニメーションを逆再生する負の値にすることができます。)
[2016.04.14-00.40.17:280][  0]LogD3D11RHI: Found D3D11 adapter 0: NVIDIA GeForce GTX 960 (Feature Level 11_0)
[2016.04.14-00.40.17:280][  0]LogD3D11RHI: Adapter has 1969MB of dedicated video memory, 0MB of dedicated system memory, and 4056MB of shared system memory, 2 output[s]
[2016.04.14-00.40.17:282][  0]LogD3D11RHI: Found D3D11 adapter 1: Microsoft Basic Render Driver (Feature Level 11_0)
[2016.04.14-00.40.17:282][  0]LogD3D11RHI: Adapter has 0MB of dedicated video memory, 0MB of dedicated system memory, and 4056MB of shared system memory, 0 output[s]
[2016.04.14-00.40.17:282][  0]LogD3D11RHI: Chosen D3D11 Adapter Id = 0
[2016.04.14-00.40.17:285][  0]LogD3D11RHI: !Direct3DDevice
[2016.04.14-00.40.17:285][  0]LogRHI: Texture pool is 1361 MB (70% of 1945 MB)
[2016.04.14-00.40.17:296][  0]LogD3D11RHI: Async texture creation enabled
[2016.04.14-00.40.17:305][  0]LogShaderCompilers: Guid format shader working directory is -26 characters bigger than the processId version (../../../../../../Users/136-i7_6700-02/Documents/Unreal Projects/YouHaShock/Intermediate/Shaders/WorkingDirectory/1116/).
[2016.04.14-00.40.17:305][  0]LogShaderCompilers: Cleaned the shader compiler working directory 'C:/Users/136-I7~1/AppData/Local/Temp/UnrealShaderWorkingDir/1A6A4B5348436590C4334EA9244AFA2C/'.
[2016.04.14-00.40.17:305][  0]LogShaderCompilers:Display: Using Local Shader Compiler.
[2016.04.14-00.40.18:218][  0]LogTemp:Display: Loaded TP AllDesktopTargetPlatform
[2016.04.14-00.40.18:223][  0]LogTemp:Display: Loaded TP WindowsClientTargetPlatform
[2016.04.14-00.40.18:227][  0]LogTemp:Display: Loaded TP WindowsNoEditorTargetPlatform
[2016.04.14-00.40.18:231][  0]LogTemp:Display: Loaded TP WindowsServerTargetPlatform
[2016.04.14-00.40.18:235][  0]LogTemp:Display: Loaded TP WindowsTargetPlatform
[2016.04.14-00.40.18:241][  0]LogTemp:Display: Loaded TP AndroidTargetPlatform
[2016.04.14-00.40.18:245][  0]LogTemp:Display: Loaded TP Android_ASTCTargetPlatform
[2016.04.14-00.40.18:250][  0]LogTemp:Display: Loaded TP Android_ATCTargetPlatform
[2016.04.14-00.40.18:254][  0]LogTemp:Display: Loaded TP Android_DXTTargetPlatform
[2016.04.14-00.40.18:256][  0]LogTemp:Display: Loaded TP Android_ETC1TargetPlatform
[2016.04.14-00.40.18:262][  0]LogTemp:Display: Loaded TP Android_ETC2TargetPlatform
[2016.04.14-00.40.18:274][  0]LogTemp:Display: Loaded TP Android_MultiTargetPlatform
[2016.04.14-00.40.18:274][  0]LogTemp:Display: Loaded TP Android_PVRTCTargetPlatform
[2016.04.14-00.40.18:276][  0]LogTemp:Display: Loaded TP HTML5TargetPlatform
[2016.04.14-00.40.18:301][  0]LogTemp:Display: Loaded TP IOSTargetPlatform
[2016.04.14-00.40.18:305][  0]LogTemp:Display: Loaded TP LinuxNoEditorTargetPlatform
[2016.04.14-00.40.18:309][  0]LogTemp:Display: Loaded TP LinuxServerTargetPlatform
[2016.04.14-00.40.18:321][  0]LogTemp:Display: Loaded TP LinuxTargetPlatform
[2016.04.14-00.40.18:321][  0]LogTargetPlatformManager:Display: Building Assets For Windows
[2016.04.14-00.40.18:538][  0]LogDerivedDataCache:Display: Max Cache Size: 512 MB
[2016.04.14-00.40.18:697][  0]LogDerivedDataCache: Loaded boot cache 0.16s 41MB C:/Users/136-i7_6700-02/AppData/Local/UnrealEngine/4.10/DerivedDataCache/Boot.ddc.
[2016.04.14-00.40.18:697][  0]LogDerivedDataCache:Display: Loaded Boot cache: C:/Users/136-i7_6700-02/AppData/Local/UnrealEngine/4.10/DerivedDataCache/Boot.ddc
[2016.04.14-00.40.18:697][  0]LogDerivedDataCache: FDerivedDataBackendGraph:  Pak pak cache file ../../../../../../Users/136-i7_6700-02/Documents/Unreal Projects/YouHaShock/DerivedDataCache/DDC.ddp not found, will not use a pak cache.
[2016.04.14-00.40.18:697][  0]LogDerivedDataCache: Unable to find inner node Pak for hierarchical cache Hierarchy.
[2016.04.14-00.40.18:697][  0]LogDerivedDataCache: FDerivedDataBackendGraph:  CompressedPak pak cache file ../../../../../../Users/136-i7_6700-02/Documents/Unreal Projects/YouHaShock/DerivedDataCache/Compressed.ddp not found, will not use a pak cache.
[2016.04.14-00.40.18:697][  0]LogDerivedDataCache: Unable to find inner node CompressedPak for hierarchical cache Hierarchy.
[2016.04.14-00.40.18:757][  0]LogDerivedDataCache:Display: Pak cache opened for reading ../../../Engine/DerivedDataCache/Compressed.ddp.
[2016.04.14-00.40.18:774][  0]LogDerivedDataCache: Using Local data cache path C:/Users/136-i7_6700-02/AppData/Local/UnrealEngine/Common/DerivedDataCache: Writable
[2016.04.14-00.40.20:298][  0]LogInit: Selected Device Profile: [Windows]
[2016.04.14-00.40.20:312][  0]LogContentStreaming: Texture pool size is 0.000000MB
[2016.04.14-00.40.20:489][  0]LogMeshUtilities: No automatic mesh reduction module available
[2016.04.14-00.40.20:489][  0]LogMeshUtilities: No automatic mesh merging module available
[2016.04.14-00.40.20:940][  0]LogInit: WinSock: version 1.1 (2.2), MaxSocks=32767, MaxUdp=65467
[2016.04.14-00.40.23:519][  0]UdpMessaging: Initializing bridge on interface 0.0.0.0:0 to multicast group 230.0.0.1:6666.
[2016.04.14-00.40.23:703][  0]LogAssetRegistry: FAssetRegistry took 0.0135 seconds to start up
[2016.04.14-00.40.24:147][  0]SourceControl: 情報 ソースコントロールは無効です
[2016.04.14-00.40.24:485][  0]SourceControl: 情報 ソースコントロールは無効です
[2016.04.14-00.40.24:503][  0]SourceControl: 情報 ソースコントロールは無効です
[2016.04.14-00.40.24:517][  0]SourceControl: 情報 ソースコントロールは無効です
[2016.04.14-00.40.24:873][  0]LogObj: 28633 objects as part of root set at end of initial load.
[2016.04.14-00.40.24:873][  0]LogUObjectAllocator: 6099744 out of 0 bytes used by permanent object pool.
[2016.04.14-00.40.24:980][  0]LogEngine: Initializing Engine...
[2016.04.14-00.40.24:984][  0]LogHMD: Can't find Oculus library dev build: is proper Runtime installed? Version: 0.8.0.0
[2016.04.14-00.40.24:987][  0]LogHMD: SteamVR failed to initialize.  Err: 110
[2016.04.14-00.40.25:137][  0]LogAIModule: Creating AISystem for world NewWorld
[2016.04.14-00.40.25:162][  0]LogInit: XAudio2 using 'ASUS PB279-0 (NVIDIA High Definition Audio)' : 2 channels at 48 kHz using 16 bits per sample (channel mask 0x3)
[2016.04.14-00.40.25:178][  0]LogInit: FAudioDevice initialized.
[2016.04.14-00.40.25:196][  0]LogDerivedDataCache: Saved boot cache 0.02s 41MB C:/Users/136-i7_6700-02/AppData/Local/UnrealEngine/4.10/DerivedDataCache/Boot.ddc.
[2016.04.14-00.40.25:199][  0]LogInit: Texture streaming: Enabled
[2016.04.14-00.40.25:208][  0]LogAnalytics: Creating configured Analytics provider AnalyticsET
[2016.04.14-00.40.25:209][  0]LogAnalytics: [UEEditor.Rocket.Release] APIServer = http://et2.epicgames.com/ET2/. AppVersion = 4.10.4-2872498+++depot+UE4-Releases+4.10
[2016.04.14-00.40.25:209][  0]LogAnalytics: [UEEditor.Rocket.Release] SetUserId 01ed90104acfb9871489c39ae4ea063e|12cc3d1e7cda4b14a5ffa696627d80b0|3e384a6f-665a-45f4-8828-96cd5739b813
[2016.04.14-00.40.25:210][  0]LogAnalytics: [UEEditor.Rocket.Release] AnalyticsET::StartSession
[2016.04.14-00.40.25:225][  0]LogInit: Transaction tracking system initialized
[2016.04.14-00.40.25:293][  0]BlueprintLog: New page: エディタの読み込み
[2016.04.14-00.40.25:644][  0]LocalizationService: 情報 ローカライズのサービスが無効になりました
[2016.04.14-00.40.25:775][  0]LogConsoleResponse:Display: 
[2016.04.14-00.40.25:913][  0]LogCook:Display: Done creating registry. It took  0.00s.
[2016.04.14-00.40.26:046][  0]LogFileCache: Scanning file cache for directory 'C:/Users/136-i7_6700-02/Documents/Unreal Projects/YouHaShock/Content/' took 0.01s
[2016.04.14-00.40.26:046][  0]SourceControl: 情報 ソースコントロールは無効です
[2016.04.14-00.40.26:049][  0]Cmd: MAP LOAD FILE="../../../../../../Users/136-i7_6700-02/Documents/Unreal Projects/YouHaShock/Content/ThirdPersonBP/Maps/ThirdPersonExampleMap.umap" TEMPLATE=0 SHOWPROGRESS=1 FEATURELEVEL=3
[2016.04.14-00.40.26:052][  0]LightingResults: New page: ライティングのビルド
[2016.04.14-00.40.26:063][  0]MapCheck: New page: マップをチェック
[2016.04.14-00.40.26:063][  0]LightingResults: New page: <何も選択されていません>
[2016.04.14-00.40.26:088][  0]LogParticles: Destroying 0 GPU particle simulations for FXSystem 0x000001E4B0DABB00
[2016.04.14-00.40.27:030][  0]LogAIModule: Creating AISystem for world ThirdPersonExampleMap
[2016.04.14-00.40.27:065][  0]LogEditorServer: Finished looking for orphan Actors (0.000 secs)
[2016.04.14-00.40.27:069][  0]Cmd: MAP CHECKDEP NOCLEARLOG
[2016.04.14-00.40.27:124][  0]MapCheck: 情報 マップチェックが完了: 0 エラー、 0 警告、完了に 55.485ミリ秒かかりました。
[2016.04.14-00.40.27:124][  0]LogFileHelpers: Loading map 'ThirdPersonExampleMap' took 1.076
[2016.04.14-00.40.27:312][  0]LogCollectionManager: Loaded 0 collections in 0.001022 seconds
[2016.04.14-00.40.27:373][  0]LogFileCache: Scanning file cache for directory 'C:/Users/136-i7_6700-02/Documents/Unreal Projects/YouHaShock/Saved/Collections/' took 0.01s
[2016.04.14-00.40.27:373][  0]LogFileCache: Scanning file cache for directory 'C:/Users/136-i7_6700-02/Documents/Unreal Projects/YouHaShock/Content/Developers/136i7670002/Collections/' took 0.01s
[2016.04.14-00.40.27:373][  0]LogFileCache: Scanning file cache for directory 'C:/Users/136-i7_6700-02/Documents/Unreal Projects/YouHaShock/Content/Collections/' took 0.01s
[2016.04.14-00.40.27:373][  0]LogCollectionManager: Rebuilt the GUID cache for 0 collections in 0.000003 seconds
[2016.04.14-00.40.27:381][  0]LogContentBrowser: Native class hierarchy populated in 0.0069 seconds. Added 1893 classes and 338 folders.
[2016.04.14-00.40.27:391][  0]LogContentBrowser: Native class hierarchy updated for 'WidgetCarousel' in 0.0003 seconds. Added 0 classes and 0 folders.
[2016.04.14-00.40.27:598][  0]LogContentBrowser: Native class hierarchy updated for 'AddContentDialog' in 0.0003 seconds. Added 0 classes and 0 folders.
[2016.04.14-00.40.27:630][  0]LogContentBrowser: Native class hierarchy updated for 'SceneOutliner' in 0.0004 seconds. Added 1 classes and 2 folders.
[2016.04.14-00.40.27:728][  0]LogCrashTracker: Crashtracker disabled due to settings.
[2016.04.14-00.40.27:743][  0]LogUObjectGlobals:Warning: オブジェクト 'Class なし.' が見つかりませんでした
[2016.04.14-00.40.27:770][  0]LogLoad: Full Startup: 11.28 seconds (BP compile: 0.12 seconds)
[2016.04.14-00.40.27:797][  0]LogWindowsTextInputMethodSystem:Display: IME system now activated using TSF (Microsoft IME).
[2016.04.14-00.40.27:801][  0]LogOcInput: Can't find Oculus library dev build: is proper Runtime installed? Version: 0.8.0.0
[2016.04.14-00.40.27:873][  0]LogContentStreaming: Texture pool size now 1000 MB
[2016.04.14-00.40.28:019][  0]LogRenderer: Reallocating scene render targets to support 1616x808 (Frame:2).
[2016.04.14-00.40.28:467][  5]LogAssetRegistry: Asset discovery search completed in 4.7766 seconds
[2016.04.14-00.40.28:467][  5]LogCollectionManager: Rebuilt the object cache for 0 collections in 0.000001 seconds (found 0 objects)
[2016.04.14-00.40.28:467][  5]LogCollectionManager: Fixed up redirectors for 0 collections in 0.000025 seconds (updated 0 objects)
[2016.04.14-00.42.51:905][181]LogBlueprintUserMessages: Early PlayInEditor Detection: Level '/Game/ThirdPersonBP/Maps/ThirdPersonExampleMap.ThirdPersonExampleMap:PersistentLevel' has LevelScriptBlueprint '/Game/ThirdPersonBP/Maps/ThirdPersonExampleMap.ThirdPersonExampleMap:PersistentLevel.ThirdPersonExampleMap' with GeneratedClass '/Game/ThirdPersonBP/Maps/ThirdPersonExampleMap.ThirdPersonExampleMap_C' with ClassGeneratedBy '/Game/ThirdPersonBP/Maps/ThirdPersonExampleMap.ThirdPersonExampleMap:PersistentLevel.ThirdPersonExampleMap'
[2016.04.14-00.42.51:905][181]LogPlayLevel: PlayLevel: No blueprints needed recompiling
[2016.04.14-00.42.51:906][181]PIE: New page: PIEセッション: ThirdPersonExampleMap (2016/04/14 18:42:51)
[2016.04.14-00.42.51:906][181]LogPlayLevel: Creating play world package: /Game/ThirdPersonBP/Maps/UEDPIE_0_ThirdPersonExampleMap
[2016.04.14-00.42.51:931][181]LogPlayLevel: PIE: StaticDuplicateObject took: (0.024788s)
[2016.04.14-00.42.51:932][181]LogAIModule: Creating AISystem for world ThirdPersonExampleMap
[2016.04.14-00.42.51:932][181]LogPlayLevel: PIE: World Init took: (0.000766s)
[2016.04.14-00.42.51:933][181]LogPlayLevel: PIE: Created PIE world by copying editor world from /Game/ThirdPersonBP/Maps/ThirdPersonExampleMap.ThirdPersonExampleMap to /Game/ThirdPersonBP/Maps/UEDPIE_0_ThirdPersonExampleMap.ThirdPersonExampleMap (0.026412s)
[2016.04.14-00.42.51:958][181]LogInit: XAudio2 using 'ASUS PB279-0 (NVIDIA High Definition Audio)' : 2 channels at 48 kHz using 16 bits per sample (channel mask 0x3)
[2016.04.14-00.42.51:961][181]LogInit: FAudioDevice initialized.
[2016.04.14-00.42.52:011][181]LogWorld: Game class is 'ThirdPersonGameMode_C'
[2016.04.14-00.42.52:016][181]LogWorld: Bringing World /Game/ThirdPersonBP/Maps/UEDPIE_0_ThirdPersonExampleMap.ThirdPersonExampleMap up for play (max tick rate 0) at 2016.04.14-09.42.52
[2016.04.14-00.42.52:016][181]LogActor:Warning: GameSession /Game/ThirdPersonBP/Maps/UEDPIE_0_ThirdPersonExampleMap.ThirdPersonExampleMap:PersistentLevel.GameSession_0 has natively added scene component(s), but none of them were set as the actor's RootComponent - picking one arbitrarily
[2016.04.14-00.42.52:017][181]LogActor:Warning: GameNetworkManager /Game/ThirdPersonBP/Maps/UEDPIE_0_ThirdPersonExampleMap.ThirdPersonExampleMap:PersistentLevel.GameNetworkManager_0 has natively added scene component(s), but none of them were set as the actor's RootComponent - picking one arbitrarily
[2016.04.14-00.42.52:018][181]LogWorld: Bringing up level for play took: 0.004682
[2016.04.14-00.42.52:026][181]PIE: 情報 /Game/ThirdPersonBP/Maps/UEDPIE_0_ThirdPersonExampleMap -0.679のプレイ イン エディタの開始時間
[2016.04.14-00.42.52:026][181]LogBlueprintUserMessages: Late PlayInEditor Detection: Level '/Game/ThirdPersonBP/Maps/ThirdPersonExampleMap.ThirdPersonExampleMap:PersistentLevel' has LevelScriptBlueprint '/Game/ThirdPersonBP/Maps/ThirdPersonExampleMap.ThirdPersonExampleMap:PersistentLevel.ThirdPersonExampleMap' with GeneratedClass '/Game/ThirdPersonBP/Maps/ThirdPersonExampleMap.ThirdPersonExampleMap_C' with ClassGeneratedBy '/Game/ThirdPersonBP/Maps/ThirdPersonExampleMap.ThirdPersonExampleMap:PersistentLevel.ThirdPersonExampleMap'
[2016.04.14-00.43.59:878][315]LogBlueprintUserMessages: Early EndPlayMap Detection: Level '/Game/ThirdPersonBP/Maps/ThirdPersonExampleMap.ThirdPersonExampleMap:PersistentLevel' has LevelScriptBlueprint '/Game/ThirdPersonBP/Maps/ThirdPersonExampleMap.ThirdPersonExampleMap:PersistentLevel.ThirdPersonExampleMap' with GeneratedClass '/Game/ThirdPersonBP/Maps/ThirdPersonExampleMap.ThirdPersonExampleMap_C' with ClassGeneratedBy '/Game/ThirdPersonBP/Maps/ThirdPersonExampleMap.ThirdPersonExampleMap:PersistentLevel.ThirdPersonExampleMap'
[2016.04.14-00.43.59:909][315]LogBlueprintUserMessages: Late EndPlayMap Detection: Level '/Game/ThirdPersonBP/Maps/ThirdPersonExampleMap.ThirdPersonExampleMap:PersistentLevel' has LevelScriptBlueprint '/Game/ThirdPersonBP/Maps/ThirdPersonExampleMap.ThirdPersonExampleMap:PersistentLevel.ThirdPersonExampleMap' with GeneratedClass '/Game/ThirdPersonBP/Maps/ThirdPersonExampleMap.ThirdPersonExampleMap_C' with ClassGeneratedBy '/Game/ThirdPersonBP/Maps/ThirdPersonExampleMap.ThirdPersonExampleMap:PersistentLevel.ThirdPersonExampleMap'
[2016.04.14-00.43.59:921][315]LogParticles: Destroying 0 GPU particle simulations for FXSystem 0x000001E4BBA2BBA0
[2016.04.14-00.47.04:436][195]LogBlueprintUserMessages: Early PlayInEditor Detection: Level '/Game/ThirdPersonBP/Maps/ThirdPersonExampleMap.ThirdPersonExampleMap:PersistentLevel' has LevelScriptBlueprint '/Game/ThirdPersonBP/Maps/ThirdPersonExampleMap.ThirdPersonExampleMap:PersistentLevel.ThirdPersonExampleMap' with GeneratedClass '/Game/ThirdPersonBP/Maps/ThirdPersonExampleMap.ThirdPersonExampleMap_C' with ClassGeneratedBy '/Game/ThirdPersonBP/Maps/ThirdPersonExampleMap.ThirdPersonExampleMap:PersistentLevel.ThirdPersonExampleMap'
[2016.04.14-00.47.04:436][195]LogPlayLevel: PlayLevel: No blueprints needed recompiling
[2016.04.14-00.47.04:436][195]PIE: New page: PIEセッション: ThirdPersonExampleMap (2016/04/14 18:47:04)
[2016.04.14-00.47.04:436][195]LogPlayLevel: Creating play world package: /Game/ThirdPersonBP/Maps/UEDPIE_0_ThirdPersonExampleMap
[2016.04.14-00.47.04:455][195]LogPlayLevel: PIE: StaticDuplicateObject took: (0.018335s)
[2016.04.14-00.47.04:455][195]LogAIModule: Creating AISystem for world ThirdPersonExampleMap
[2016.04.14-00.47.04:455][195]LogPlayLevel: PIE: World Init took: (0.000834s)
[2016.04.14-00.47.04:456][195]LogPlayLevel: PIE: Created PIE world by copying editor world from /Game/ThirdPersonBP/Maps/ThirdPersonExampleMap.ThirdPersonExampleMap to /Game/ThirdPersonBP/Maps/UEDPIE_0_ThirdPersonExampleMap.ThirdPersonExampleMap (0.019375s)
[2016.04.14-00.47.04:474][195]LogInit: XAudio2 using 'ASUS PB279-0 (NVIDIA High Definition Audio)' : 2 channels at 48 kHz using 16 bits per sample (channel mask 0x3)
[2016.04.14-00.47.04:477][195]LogInit: FAudioDevice initialized.
[2016.04.14-00.47.04:511][195]LogWorld: Game class is 'ThirdPersonGameMode_C'
[2016.04.14-00.47.04:514][195]LogWorld: Bringing World /Game/ThirdPersonBP/Maps/UEDPIE_0_ThirdPersonExampleMap.ThirdPersonExampleMap up for play (max tick rate 0) at 2016.04.14-09.47.04
[2016.04.14-00.47.04:514][195]LogActor:Warning: GameSession /Game/ThirdPersonBP/Maps/UEDPIE_0_ThirdPersonExampleMap.ThirdPersonExampleMap:PersistentLevel.GameSession_1 has natively added scene component(s), but none of them were set as the actor's RootComponent - picking one arbitrarily
[2016.04.14-00.47.04:515][195]LogActor:Warning: GameNetworkManager /Game/ThirdPersonBP/Maps/UEDPIE_0_ThirdPersonExampleMap.ThirdPersonExampleMap:PersistentLevel.GameNetworkManager_1 has natively added scene component(s), but none of them were set as the actor's RootComponent - picking one arbitrarily
[2016.04.14-00.47.04:515][195]LogWorld: Bringing up level for play took: 0.002851
[2016.04.14-00.47.04:515][195]PIE: 情報 /Game/ThirdPersonBP/Maps/UEDPIE_0_ThirdPersonExampleMap -0.189のプレイ イン エディタの開始時間
[2016.04.14-00.47.04:516][195]LogBlueprintUserMessages: Late PlayInEditor Detection: Level '/Game/ThirdPersonBP/Maps/ThirdPersonExampleMap.ThirdPersonExampleMap:PersistentLevel' has LevelScriptBlueprint '/Game/ThirdPersonBP/Maps/ThirdPersonExampleMap.ThirdPersonExampleMap:PersistentLevel.ThirdPersonExampleMap' with GeneratedClass '/Game/ThirdPersonBP/Maps/ThirdPersonExampleMap.ThirdPersonExampleMap_C' with ClassGeneratedBy '/Game/ThirdPersonBP/Maps/ThirdPersonExampleMap.ThirdPersonExampleMap:PersistentLevel.ThirdPersonExampleMap'
[2016.04.14-00.47.18:529][866]LogBlueprintUserMessages: Early EndPlayMap Detection: Level '/Game/ThirdPersonBP/Maps/ThirdPersonExampleMap.ThirdPersonExampleMap:PersistentLevel' has LevelScriptBlueprint '/Game/ThirdPersonBP/Maps/ThirdPersonExampleMap.ThirdPersonExampleMap:PersistentLevel.ThirdPersonExampleMap' with GeneratedClass '/Game/ThirdPersonBP/Maps/ThirdPersonExampleMap.ThirdPersonExampleMap_C' with ClassGeneratedBy '/Game/ThirdPersonBP/Maps/ThirdPersonExampleMap.ThirdPersonExampleMap:PersistentLevel.ThirdPersonExampleMap'
[2016.04.14-00.47.18:562][866]LogBlueprintUserMessages: Late EndPlayMap Detection: Level '/Game/ThirdPersonBP/Maps/ThirdPersonExampleMap.ThirdPersonExampleMap:PersistentLevel' has LevelScriptBlueprint '/Game/ThirdPersonBP/Maps/ThirdPersonExampleMap.ThirdPersonExampleMap:PersistentLevel.ThirdPersonExampleMap' with GeneratedClass '/Game/ThirdPersonBP/Maps/ThirdPersonExampleMap.ThirdPersonExampleMap_C' with ClassGeneratedBy '/Game/ThirdPersonBP/Maps/ThirdPersonExampleMap.ThirdPersonExampleMap:PersistentLevel.ThirdPersonExampleMap'
[2016.04.14-00.47.18:596][867]LogParticles: Destroying 0 GPU particle simulations for FXSystem 0x000001E4A38A2A20
[2016.04.14-00.48.55:466][727]LogBlueprintUserMessages: Early PlayInEditor Detection: Level '/Game/ThirdPersonBP/Maps/ThirdPersonExampleMap.ThirdPersonExampleMap:PersistentLevel' has LevelScriptBlueprint '/Game/ThirdPersonBP/Maps/ThirdPersonExampleMap.ThirdPersonExampleMap:PersistentLevel.ThirdPersonExampleMap' with GeneratedClass '/Game/ThirdPersonBP/Maps/ThirdPersonExampleMap.ThirdPersonExampleMap_C' with ClassGeneratedBy '/Game/ThirdPersonBP/Maps/ThirdPersonExampleMap.ThirdPersonExampleMap:PersistentLevel.ThirdPersonExampleMap'
[2016.04.14-00.48.55:466][727]LogPlayLevel: PlayLevel: No blueprints needed recompiling
[2016.04.14-00.48.55:466][727]PIE: New page: PIEセッション: ThirdPersonExampleMap (2016/04/14 18:48:55)
[2016.04.14-00.48.55:466][727]LogPlayLevel: Creating play world package: /Game/ThirdPersonBP/Maps/UEDPIE_0_ThirdPersonExampleMap
[2016.04.14-00.48.55:484][727]LogPlayLevel: PIE: StaticDuplicateObject took: (0.016790s)
[2016.04.14-00.48.55:484][727]LogAIModule: Creating AISystem for world ThirdPersonExampleMap
[2016.04.14-00.48.55:484][727]LogPlayLevel: PIE: World Init took: (0.000757s)
[2016.04.14-00.48.55:484][727]LogPlayLevel: PIE: Created PIE world by copying editor world from /Game/ThirdPersonBP/Maps/ThirdPersonExampleMap.ThirdPersonExampleMap to /Game/ThirdPersonBP/Maps/UEDPIE_0_ThirdPersonExampleMap.ThirdPersonExampleMap (0.017734s)
[2016.04.14-00.48.55:500][727]LogInit: XAudio2 using 'ASUS PB279-0 (NVIDIA High Definition Audio)' : 2 channels at 48 kHz using 16 bits per sample (channel mask 0x3)
[2016.04.14-00.48.55:503][727]LogInit: FAudioDevice initialized.
[2016.04.14-00.48.55:538][727]LogWorld: Game class is 'ThirdPersonGameMode_C'
[2016.04.14-00.48.55:543][727]LogWorld: Bringing World /Game/ThirdPersonBP/Maps/UEDPIE_0_ThirdPersonExampleMap.ThirdPersonExampleMap up for play (max tick rate 0) at 2016.04.14-09.48.55
[2016.04.14-00.48.55:543][727]LogActor:Warning: GameSession /Game/ThirdPersonBP/Maps/UEDPIE_0_ThirdPersonExampleMap.ThirdPersonExampleMap:PersistentLevel.GameSession_2 has natively added scene component(s), but none of them were set as the actor's RootComponent - picking one arbitrarily
[2016.04.14-00.48.55:543][727]LogActor:Warning: GameNetworkManager /Game/ThirdPersonBP/Maps/UEDPIE_0_ThirdPersonExampleMap.ThirdPersonExampleMap:PersistentLevel.GameNetworkManager_2 has natively added scene component(s), but none of them were set as the actor's RootComponent - picking one arbitrarily
[2016.04.14-00.48.55:543][727]LogWorld: Bringing up level for play took: 0.003783
[2016.04.14-00.48.55:544][727]PIE: 情報 /Game/ThirdPersonBP/Maps/UEDPIE_0_ThirdPersonExampleMap 0.839のプレイ イン エディタの開始時間
[2016.04.14-00.48.55:544][727]LogBlueprintUserMessages: Late PlayInEditor Detection: Level '/Game/ThirdPersonBP/Maps/ThirdPersonExampleMap.ThirdPersonExampleMap:PersistentLevel' has LevelScriptBlueprint '/Game/ThirdPersonBP/Maps/ThirdPersonExampleMap.ThirdPersonExampleMap:PersistentLevel.ThirdPersonExampleMap' with GeneratedClass '/Game/ThirdPersonBP/Maps/ThirdPersonExampleMap.ThirdPersonExampleMap_C' with ClassGeneratedBy '/Game/ThirdPersonBP/Maps/ThirdPersonExampleMap.ThirdPersonExampleMap:PersistentLevel.ThirdPersonExampleMap'
[2016.04.14-00.49.23:847][119]LogBlueprintUserMessages: Early EndPlayMap Detection: Level '/Game/ThirdPersonBP/Maps/ThirdPersonExampleMap.ThirdPersonExampleMap:PersistentLevel' has LevelScriptBlueprint '/Game/ThirdPersonBP/Maps/ThirdPersonExampleMap.ThirdPersonExampleMap:PersistentLevel.ThirdPersonExampleMap' with GeneratedClass '/Game/ThirdPersonBP/Maps/ThirdPersonExampleMap.ThirdPersonExampleMap_C' with ClassGeneratedBy '/Game/ThirdPersonBP/Maps/ThirdPersonExampleMap.ThirdPersonExampleMap:PersistentLevel.ThirdPersonExampleMap'
[2016.04.14-00.49.23:873][119]LogBlueprintUserMessages: Late EndPlayMap Detection: Level '/Game/ThirdPersonBP/Maps/ThirdPersonExampleMap.ThirdPersonExampleMap:PersistentLevel' has LevelScriptBlueprint '/Game/ThirdPersonBP/Maps/ThirdPersonExampleMap.ThirdPersonExampleMap:PersistentLevel.ThirdPersonExampleMap' with GeneratedClass '/Game/ThirdPersonBP/Maps/ThirdPersonExampleMap.ThirdPersonExampleMap_C' with ClassGeneratedBy '/Game/ThirdPersonBP/Maps/ThirdPersonExampleMap.ThirdPersonExampleMap:PersistentLevel.ThirdPersonExampleMap'
[2016.04.14-00.49.23:907][120]LogParticles: Destroying 0 GPU particle simulations for FXSystem 0x000001E4A26E2A20
[2016.04.14-00.51.57:290][432]Cmd: QUIT_EDITOR
[2016.04.14-00.51.58:166][432]LogWindowsTextInputMethodSystem:Display: IME system now activated using TSF (Microsoft IME).
[2016.04.14-00.51.58:219][432]LogExit: Preparing to exit.
[2016.04.14-00.51.58:779][432]LogExit: Editor shut down
[2016.04.14-00.51.58:779][432]LogExit: Transaction tracking system shut down
[2016.04.14-00.51.58:786][432]LogParticles: Destroying 0 GPU particle simulations for FXSystem 0x000001E4B59C9080
[2016.04.14-00.51.58:786][432]LogParticles: Destroying 0 GPU particle simulations for FXSystem 0x000001E4BB97F880
[2016.04.14-00.51.58:889][432]LogExit: Object subsystem successfully closed.
[2016.04.14-00.51.58:918][432]LogD3D11RHI: Shutdown
[2016.04.14-00.51.58:918][432]LogD3D11RHI: CleanupD3DDevice
[2016.04.14-00.51.58:961][432]LogD3D11RHI: ~FD3D11DynamicRHI
[2016.04.14-00.51.58:984][432]LogModuleManager: Shutting down and abandoning module CrashTracker (198)
[2016.04.14-00.51.58:984][432]LogModuleManager: Shutting down and abandoning module SceneOutliner (197)
[2016.04.14-00.51.58:985][432]LogModuleManager: Shutting down and abandoning module SuperSearch (196)
[2016.04.14-00.51.58:985][432]LogModuleManager: Shutting down and abandoning module WidgetCarousel (195)
[2016.04.14-00.51.58:985][432]LogModuleManager: Shutting down and abandoning module AddContentDialog (194)
[2016.04.14-00.51.58:985][432]LogModuleManager: Shutting down and abandoning module EditorWidgets (193)
[2016.04.14-00.51.58:985][432]LogModuleManager: Shutting down and abandoning module CollectionManager (192)
[2016.04.14-00.51.58:985][432]LogModuleManager: Shutting down and abandoning module StatsViewer (191)
[2016.04.14-00.51.58:985][432]LogModuleManager: Shutting down and abandoning module FoliageEdit (190)
[2016.04.14-00.51.58:985][432]LogModuleManager: Shutting down and abandoning module LandscapeEditor (189)
[2016.04.14-00.51.58:987][432]LogModuleManager: Shutting down and abandoning module ActorPickerMode (188)
[2016.04.14-00.51.58:987][432]LogModuleManager: Shutting down and abandoning module GeometryMode (187)
[2016.04.14-00.51.58:987][432]LogModuleManager: Shutting down and abandoning module TextureAlignMode (186)
[2016.04.14-00.51.58:987][432]LogModuleManager: Shutting down and abandoning module BspMode (185)
[2016.04.14-00.51.58:987][432]LogModuleManager: Shutting down and abandoning module PlacementMode (184)
[2016.04.14-00.51.58:987][432]LogModuleManager: Shutting down and abandoning module AutomationWorker (183)
[2016.04.14-00.51.58:987][432]LogModuleManager: Shutting down and abandoning module CharacterAI (182)
[2016.04.14-00.51.58:987][432]LogModuleManager: Shutting down and abandoning module SmartSnapping (181)
[2016.04.14-00.51.58:987][432]LogModuleManager: Shutting down and abandoning module ViewportSnapping (180)
[2016.04.14-00.51.58:987][432]LogModuleManager: Shutting down and abandoning module LogVisualizer (179)
[2016.04.14-00.51.58:987][432]LogModuleManager: Shutting down and abandoning module GameProjectGeneration (178)
[2016.04.14-00.51.58:988][432]LogModuleManager: Shutting down and abandoning module IntroTutorials (177)
[2016.04.14-00.51.58:988][432]LogModuleManager: Shutting down and abandoning module EditorLiveStreaming (176)
[2016.04.14-00.51.58:988][432]LogModuleManager: Shutting down and abandoning module IOSPlatformEditor (175)
[2016.04.14-00.51.58:988][432]LogModuleManager: Shutting down and abandoning module HTML5PlatformEditor (174)
[2016.04.14-00.51.58:988][432]LogModuleManager: Shutting down and abandoning module AndroidDeviceDetection (173)
[2016.04.14-00.51.59:854][432]LogModuleManager: Shutting down and abandoning module AndroidPlatformEditor (172)
[2016.04.14-00.51.59:854][432]LogModuleManager: Shutting down and abandoning module IOSRuntimeSettings (171)
[2016.04.14-00.51.59:854][432]LogModuleManager: Shutting down and abandoning module AndroidRuntimeSettings (170)
[2016.04.14-00.51.59:854][432]LogModuleManager: Shutting down and abandoning module MergeActors (169)
[2016.04.14-00.51.59:854][432]LogModuleManager: Shutting down and abandoning module SizeMap (168)
[2016.04.14-00.51.59:854][432]LogModuleManager: Shutting down and abandoning module TreeMap (167)
[2016.04.14-00.51.59:854][432]LogModuleManager: Shutting down and abandoning module ReferenceViewer (166)
[2016.04.14-00.51.59:854][432]LogModuleManager: Shutting down and abandoning module LocalizationService (165)
[2016.04.14-00.51.59:854][432]LogModuleManager: Shutting down and abandoning module LocalizationDashboard (164)
[2016.04.14-00.51.59:854][432]LogModuleManager: Shutting down and abandoning module HardwareTargeting (163)
[2016.04.14-00.51.59:854][432]LogModuleManager: Shutting down and abandoning module DeviceProfileEditor (162)
[2016.04.14-00.51.59:854][432]LogModuleManager: Shutting down and abandoning module UndoHistory (161)
[2016.04.14-00.51.59:854][432]LogModuleManager: Shutting down and abandoning module GameplayTagsEditor (160)
[2016.04.14-00.51.59:854][432]LogModuleManager: Shutting down and abandoning module UserFeedback (159)
[2016.04.14-00.51.59:854][432]LogModuleManager: Shutting down and abandoning module XmlParser (158)
[2016.04.14-00.51.59:854][432]LogModuleManager: Shutting down and abandoning module Blutility (157)
[2016.04.14-00.51.59:854][432]LogModuleManager: Shutting down and abandoning module ProjectTargetPlatformEditor (156)
[2016.04.14-00.51.59:854][432]LogModuleManager: Shutting down and abandoning module ProjectSettingsViewer (155)
[2016.04.14-00.51.59:854][432]LogModuleManager: Shutting down and abandoning module InputBindingEditor (154)
[2016.04.14-00.51.59:854][432]LogModuleManager: Shutting down and abandoning module EditorSettingsViewer (153)
[2016.04.14-00.51.59:854][432]LogModuleManager: Shutting down and abandoning module SettingsEditor (152)
[2016.04.14-00.51.59:854][432]LogModuleManager: Shutting down and abandoning module ProjectLauncher (151)
[2016.04.14-00.51.59:860][432]LogModuleManager: Shutting down and abandoning module SessionFrontend (150)
[2016.04.14-00.51.59:860][432]LogModuleManager: Shutting down and abandoning module ProfilerClient (149)
[2016.04.14-00.51.59:861][432]LogModuleManager: Shutting down and abandoning module TargetDeviceServices (148)
[2016.04.14-00.51.59:861][432]LogModuleManager: Shutting down and abandoning module DeviceManager (147)
[2016.04.14-00.51.59:861][432]LogModuleManager: Shutting down and abandoning module AutomationController (146)
[2016.04.14-00.51.59:861][432]LogModuleManager: Shutting down and abandoning module AutomationWindow (145)
[2016.04.14-00.51.59:862][432]LogModuleManager: Shutting down and abandoning module Layers (144)
[2016.04.14-00.51.59:863][432]LogModuleManager: Shutting down and abandoning module ComponentVisualizers (143)
[2016.04.14-00.51.59:863][432]LogModuleManager: Shutting down and abandoning module DetailCustomizations (142)
[2016.04.14-00.51.59:864][432]LogModuleManager: Shutting down and abandoning module PackagesDialog (141)
[2016.04.14-00.51.59:864][432]LogModuleManager: Shutting down and abandoning module Persona (140)
[2016.04.14-00.51.59:866][432]LogModuleManager: Shutting down and abandoning module Kismet (139)
[2016.04.14-00.51.59:866][432]LogModuleManager: Shutting down and abandoning module GraphEditor (138)
[2016.04.14-00.51.59:868][432]LogModuleManager: Shutting down and abandoning module ClassViewer (137)
[2016.04.14-00.51.59:868][432]LogModuleManager: Shutting down and abandoning module Toolbox (136)
[2016.04.14-00.51.59:868][432]LogModuleManager: Shutting down and abandoning module ModuleUI (135)
[2016.04.14-00.51.59:868][432]LogModuleManager: Shutting down and abandoning module MovieSceneTools (134)
[2016.04.14-00.51.59:869][432]LogModuleManager: Shutting down and abandoning module OutputLog (133)
[2016.04.14-00.51.59:869][432]LogModuleManager: Shutting down and abandoning module GammaUI (132)
[2016.04.14-00.51.59:869][432]LogModuleManager: Shutting down and abandoning module Documentation (131)
[2016.04.14-00.51.59:869][432]LogModuleManager: Shutting down and abandoning module GameLiveStreaming (130)
[2016.04.14-00.51.59:869][432]LogModuleManager: Shutting down and abandoning module StreamingPauseRendering (129)
[2016.04.14-00.51.59:869][432]LogModuleManager: Shutting down and abandoning module AnalyticsET (128)
[2016.04.14-00.51.59:869][432]LogModuleManager: Shutting down and abandoning module Analytics (127)
[2016.04.14-00.51.59:869][432]LogModuleManager: Shutting down and abandoning module AITestSuite (126)
[2016.04.14-00.51.59:869][432]LogModuleManager: Shutting down and abandoning module GameplayDebugger (125)
[2016.04.14-00.51.59:869][432]LogModuleManager: Shutting down and abandoning module AIModule (124)
[2016.04.14-00.51.59:869][432]LogModuleManager: Shutting down and abandoning module ProfilerService (123)
[2016.04.14-00.51.59:923][432]LogModuleManager: Shutting down and abandoning module TaskGraph (122)
[2016.04.14-00.51.59:923][432]LogModuleManager: Shutting down and abandoning module SlateRemote (121)
[2016.04.14-00.51.59:924][432]LogModuleManager: Shutting down and abandoning module SteamVRController (120)
[2016.04.14-00.51.59:924][432]LogModuleManager: Shutting down and abandoning module SteamVR (119)
[2016.04.14-00.51.59:924][432]LogModuleManager: Shutting down and abandoning module ProceduralMeshComponent (118)
[2016.04.14-00.51.59:924][432]LogModuleManager: Shutting down and abandoning module OculusLibrary (117)
[2016.04.14-00.51.59:924][432]LogModuleManager: Shutting down and abandoning module OculusInput (116)
[2016.04.14-00.51.59:924][432]LogModuleManager: Shutting down and abandoning module LeapMotionController (115)
[2016.04.14-00.51.59:933][432]LogModuleManager: Shutting down and abandoning module CustomMeshComponent (114)
[2016.04.14-00.51.59:933][432]LogModuleManager: Shutting down and abandoning module CableComponent (113)
[2016.04.14-00.51.59:933][432]LogModuleManager: Shutting down and abandoning module ArchVisCharacter (112)
[2016.04.14-00.51.59:933][432]LogModuleManager: Shutting down and abandoning module MessagingDebugger (111)
[2016.04.14-00.51.59:934][432]LogModuleManager: Shutting down and abandoning module MediaPlayerEditor (110)
[2016.04.14-00.51.59:935][432]LogModuleManager: Shutting down and abandoning module HTML5Networking (109)
[2016.04.14-00.51.59:935][432]LogModuleManager: Shutting down and abandoning module SpeedTreeImporter (108)
[2016.04.14-00.51.59:935][432]LogModuleManager: Shutting down and abandoning module PluginBrowser (107)
[2016.04.14-00.51.59:935][432]LogModuleManager: Shutting down and abandoning module EpicSurvey (106)
[2016.04.14-00.51.59:935][432]LogModuleManager: Shutting down and abandoning module DesktopPlatform (105)
[2016.04.14-00.51.59:935][432]LogModuleManager: Shutting down and abandoning module VisualStudioSourceCodeAccess (104)
[2016.04.14-00.51.59:935][432]LogModuleManager: Shutting down and abandoning module UObjectPlugin (103)
[2016.04.14-00.51.59:935][432]LogModuleManager: Shutting down and abandoning module SubversionSourceControl (102)
[2016.04.14-00.51.59:935][432]LogModuleManager: Shutting down and abandoning module PerforceSourceControl (101)
[2016.04.14-00.51.59:935][432]LogModuleManager: Shutting down and abandoning module SourceControl (100)
[2016.04.14-00.51.59:936][432]LogModuleManager: Shutting down and abandoning module GitSourceControl (99)
[2016.04.14-00.51.59:936][432]LogModuleManager: Shutting down and abandoning module LightPropagationVolumeEditor (98)
[2016.04.14-00.51.59:936][432]LogModuleManager: Shutting down and abandoning module PaperTiledImporter (97)
[2016.04.14-00.51.59:936][432]LogModuleManager: Shutting down and abandoning module PaperSpriteSheetImporter (96)
[2016.04.14-00.51.59:936][432]LogModuleManager: Shutting down and abandoning module MeshPaint (95)
[2016.04.14-00.51.59:936][432]LogModuleManager: Shutting down and abandoning module SlateReflector (94)
[2016.04.14-00.51.59:936][432]LogModuleManager: Shutting down and abandoning module HotReload (93)
[2016.04.14-00.51.59:936][432]LogModuleManager: Shutting down and abandoning module MainFrame (92)
[2016.04.14-00.51.59:936][432]LogModuleManager: Shutting down and abandoning module LevelEditor (91)
[2016.04.14-00.51.59:937][432]LogModuleManager: Shutting down and abandoning module DirectoryWatcher (90)
[2016.04.14-00.51.59:938][432]LogModuleManager: Shutting down and abandoning module AssetRegistry (89)
[2016.04.14-00.52.00:045][432]LogModuleManager: Shutting down and abandoning module ContentBrowser (88)
[2016.04.14-00.52.00:045][432]LogModuleManager: Shutting down and abandoning module Paper2DEditor (87)
[2016.04.14-00.52.00:051][432]LogModuleManager: Shutting down and abandoning module UdpMessaging (86)
[2016.04.14-00.52.00:151][432]LogModuleManager: Shutting down and abandoning module LightPropagationVolumeRuntime (85)
[2016.04.14-00.52.00:151][432]LogModuleManager: Shutting down and abandoning module Paper2D (84)
[2016.04.14-00.52.00:151][432]LogModuleManager: Shutting down and abandoning module WindowsMoviePlayer (83)
[2016.04.14-00.52.00:153][432]LogModuleManager: Shutting down and abandoning module Media (82)
[2016.04.14-00.52.00:153][432]LogModuleManager: Shutting down and abandoning module WmfMedia (81)
[2016.04.14-00.52.00:153][432]LogModuleManager: Shutting down and abandoning module OnlineBlueprintSupport (80)
[2016.04.14-00.52.00:153][432]LogModuleManager: Shutting down and abandoning module GameplayTasksEditor (79)
[2016.04.14-00.52.00:153][432]LogModuleManager: Shutting down and abandoning module PropertyEditor (78)
[2016.04.14-00.52.00:159][432]LogModuleManager: Shutting down and abandoning module BehaviorTreeEditor (77)
[2016.04.14-00.52.00:159][432]LogModuleManager: Shutting down and abandoning module FunctionalTesting (76)
[2016.04.14-00.52.00:159][432]LogModuleManager: Shutting down and abandoning module CollisionAnalyzer (75)
[2016.04.14-00.52.00:159][432]LogModuleManager: Shutting down and abandoning module WorkspaceMenuStructure (74)
[2016.04.14-00.52.00:159][432]LogModuleManager: Shutting down and abandoning module MessageLog (73)
[2016.04.14-00.52.00:159][432]LogModuleManager: Shutting down and abandoning module Sequencer (72)
[2016.04.14-00.52.00:160][432]LogModuleManager: Shutting down and abandoning module AssetTools (71)
[2016.04.14-00.52.00:161][432]LogModuleManager: Shutting down and abandoning module UMGEditor (70)
[2016.04.14-00.52.00:162][432]LogModuleManager: Shutting down and abandoning module UMG (69)
[2016.04.14-00.52.00:163][432]LogModuleManager: Shutting down and abandoning module Slate (68)
[2016.04.14-00.52.00:163][432]LogModuleManager: Shutting down and abandoning module EditorStyle (67)
[2016.04.14-00.52.00:165][432]LogModuleManager: Shutting down and abandoning module SessionServices (66)
[2016.04.14-00.52.00:165][432]LogModuleManager: Shutting down and abandoning module SourceCodeAccess (65)
[2016.04.14-00.52.00:165][432]LogModuleManager: Shutting down and abandoning module HeadMountedDisplay (64)
[2016.04.14-00.52.00:165][432]LogModuleManager: Shutting down and abandoning module XAudio2 (63)
[2016.04.14-00.52.00:165][432]LogModuleManager: Shutting down and abandoning module Networking (61)
[2016.04.14-00.52.00:165][432]LogModuleManager: Shutting down and abandoning module Core (60)
[2016.04.14-00.52.00:166][432]LogModuleManager: Shutting down and abandoning module KismetCompiler (59)
[2016.04.14-00.52.00:166][432]LogModuleManager: Shutting down and abandoning module PhysXFormats (58)
[2016.04.14-00.52.00:166][432]LogModuleManager: Shutting down and abandoning module MeshUtilities (57)
[2016.04.14-00.52.00:166][432]LogModuleManager: Shutting down and abandoning module DerivedDataCache (56)
[2016.04.14-00.52.00:197][432]LogDerivedDataCache: Shutdown
[2016.04.14-00.52.00:197][432]LogModuleManager: Shutting down and abandoning module ShaderFormatOpenGL (55)
[2016.04.14-00.52.00:197][432]LogModuleManager: Shutting down and abandoning module ShaderFormatD3D (54)
[2016.04.14-00.52.00:197][432]LogModuleManager: Shutting down and abandoning module MetalShaderFormat (53)
[2016.04.14-00.52.00:198][432]LogModuleManager: Shutting down and abandoning module TextureFormatUncompressed (52)
[2016.04.14-00.52.00:198][432]LogModuleManager: Shutting down and abandoning module TextureFormatPVR (51)
[2016.04.14-00.52.00:198][432]LogModuleManager: Shutting down and abandoning module TextureFormatIntelISPCTexComp (50)
[2016.04.14-00.52.00:198][432]LogModuleManager: Shutting down and abandoning module TextureFormatDXT (49)
[2016.04.14-00.52.00:198][432]LogModuleManager: Shutting down and abandoning module ImageWrapper (48)
[2016.04.14-00.52.00:198][432]LogModuleManager: Shutting down and abandoning module TextureFormatASTC (47)
[2016.04.14-00.52.00:198][432]LogModuleManager: Shutting down and abandoning module TextureFormatAndroid (46)
[2016.04.14-00.52.00:198][432]LogModuleManager: Shutting down and abandoning module AudioFormatOpus (45)
[2016.04.14-00.52.00:198][432]LogModuleManager: Shutting down and abandoning module AudioFormatOgg (44)
[2016.04.14-00.52.00:198][432]LogModuleManager: Shutting down and abandoning module AudioFormatADPCM (43)
[2016.04.14-00.52.00:198][432]LogModuleManager: Shutting down and abandoning module LinuxTargetPlatform (42)
[2016.04.14-00.52.00:198][432]LogModuleManager: Shutting down and abandoning module LinuxServerTargetPlatform (41)
[2016.04.14-00.52.00:198][432]LogModuleManager: Shutting down and abandoning module LinuxNoEditorTargetPlatform (40)
[2016.04.14-00.52.00:198][432]LogModuleManager: Shutting down and abandoning module Messaging (39)
[2016.04.14-00.52.00:198][432]LogModuleManager: Shutting down and abandoning module IOSTargetPlatform (38)
[2016.04.14-00.52.00:198][432]LogModuleManager: Shutting down and abandoning module HTML5TargetPlatform (37)
[2016.04.14-00.52.00:198][432]LogModuleManager: Shutting down and abandoning module Android_PVRTCTargetPlatform (36)
[2016.04.14-00.52.00:198][432]LogModuleManager: Shutting down and abandoning module Android_MultiTargetPlatform (35)
[2016.04.14-00.52.00:198][432]LogModuleManager: Shutting down and abandoning module Android_ETC2TargetPlatform (34)
[2016.04.14-00.52.00:198][432]LogModuleManager: Shutting down and abandoning module Android_ETC1TargetPlatform (33)
[2016.04.14-00.52.00:198][432]LogModuleManager: Shutting down and abandoning module Android_DXTTargetPlatform (32)
[2016.04.14-00.52.00:198][432]LogModuleManager: Shutting down and abandoning module Android_ATCTargetPlatform (31)
[2016.04.14-00.52.00:198][432]LogModuleManager: Shutting down and abandoning module Android_ASTCTargetPlatform (30)
[2016.04.14-00.52.00:198][432]LogModuleManager: Shutting down and abandoning module AndroidTargetPlatform (29)
[2016.04.14-00.52.00:198][432]LogModuleManager: Shutting down and abandoning module WindowsTargetPlatform (28)
[2016.04.14-00.52.00:198][432]LogModuleManager: Shutting down and abandoning module WindowsServerTargetPlatform (27)
[2016.04.14-00.52.00:198][432]LogModuleManager: Shutting down and abandoning module WindowsNoEditorTargetPlatform (26)
[2016.04.14-00.52.00:198][432]LogModuleManager: Shutting down and abandoning module WindowsClientTargetPlatform (25)
[2016.04.14-00.52.00:198][432]LogModuleManager: Shutting down and abandoning module AllDesktopTargetPlatform (24)
[2016.04.14-00.52.00:198][432]LogModuleManager: Shutting down and abandoning module TargetPlatform (23)
[2016.04.14-00.52.00:198][432]LogModuleManager: Shutting down and abandoning module InputCore (22)
[2016.04.14-00.52.00:198][432]LogModuleManager: Shutting down and abandoning module Settings (21)
[2016.04.14-00.52.00:198][432]LogModuleManager: Shutting down and abandoning module OnlineSubsystem (19)
[2016.04.14-00.52.00:198][432]LogModuleManager: Shutting down and abandoning module HTTP (18)
[2016.04.14-00.52.01:202][432]LogModuleManager: Shutting down and abandoning module XMPP (17)
[2016.04.14-00.52.01:206][432]LogModuleManager: Shutting down and abandoning module OculusRift (16)
[2016.04.14-00.52.01:208][432]LogModuleManager: Shutting down and abandoning module ExampleDeviceProfileSelector (15)
[2016.04.14-00.52.01:208][432]LogModuleManager: Shutting down and abandoning module TextureCompressor (14)
[2016.04.14-00.52.01:208][432]LogModuleManager: Shutting down and abandoning module ShaderCore (13)
[2016.04.14-00.52.01:208][432]LogModuleManager: Shutting down and abandoning module Landscape (12)
[2016.04.14-00.52.01:208][432]LogModuleManager: Shutting down and abandoning module SlateRHIRenderer (11)
[2016.04.14-00.52.01:210][432]LogModuleManager: Shutting down and abandoning module OpenGLDrv (10)
[2016.04.14-00.52.01:210][432]LogModuleManager: Shutting down and abandoning module D3D11RHI (9)
[2016.04.14-00.52.01:210][432]LogModuleManager: Shutting down and abandoning module AnimGraphRuntime (8)
[2016.04.14-00.52.01:210][432]LogModuleManager: Shutting down and abandoning module Renderer (7)
[2016.04.14-00.52.01:210][432]LogModuleManager: Shutting down and abandoning module Engine (6)
[2016.04.14-00.52.01:210][432]LogModuleManager: Shutting down and abandoning module CoreUObject (5)
[2016.04.14-00.52.01:210][432]LogModuleManager: Shutting down and abandoning module NetworkFile (4)
[2016.04.14-00.52.01:211][432]LogModuleManager: Shutting down and abandoning module StreamingFile (3)
[2016.04.14-00.52.01:211][432]LogModuleManager: Shutting down and abandoning module SandboxFile (2)
[2016.04.14-00.52.01:211][432]LogModuleManager: Shutting down and abandoning module PakFile (1)
[2016.04.14-00.52.01:212][432]LogExit: Exiting.
[2016.04.14-00.52.01:224][432]Log file closed, 04/14/16 09:52:01
