[2016.04.13-07.34.45:608][  0]Log file open, 04/13/16 16:34:45
[2016.04.13-07.34.45:608][  0]LogInit:Display: Running engine for game: YouHaShock
[2016.04.13-07.34.45:608][  0]LogPlatformFile: Not using cached read wrapper
[2016.04.13-07.34.45:608][  0]LogInit:Display: RandInit(-1418475188) SRandInit(-1418475186).
[2016.04.13-07.34.45:608][  0]LogTaskGraph: Started task graph with 4 named threads and 7 total threads.
[2016.04.13-07.34.45:608][  0]LogStats: Stats thread started at 0.068673
[2016.04.13-07.34.45:608][  0]LogInit: Version: 4.10.4-2872498+++depot+UE4-Releases+4.10
[2016.04.13-07.34.45:608][  0]LogInit: API Version: 2758231
[2016.04.13-07.34.45:608][  0]LogInit: Compiled (64-bit): Feb 18 2016 15:47:04
[2016.04.13-07.34.45:608][  0]LogInit: Compiled with Visual C++: 19.00.23026.00
[2016.04.13-07.34.45:608][  0]LogInit: Build Configuration: Development
[2016.04.13-07.34.45:608][  0]LogInit: Branch Name: ++depot+UE4-Releases+4.10
[2016.04.13-07.34.45:608][  0]LogInit: Command line: -EpicPortal 
[2016.04.13-07.34.45:608][  0]LogInit: Base directory: C:/Program Files (x86)/Epic Games/4.10/Engine/Binaries/Win64/
[2016.04.13-07.34.45:608][  0]LogInit: Rocket: 1
[2016.04.13-07.34.45:612][  0]LogInit: Using libcurl 7.41.0
[2016.04.13-07.34.45:612][  0]LogInit:  - built for x86_64-pc-win32
[2016.04.13-07.34.45:612][  0]LogInit:  - supports SSL with WinSSL
[2016.04.13-07.34.45:612][  0]LogInit:  - other features:
[2016.04.13-07.34.45:612][  0]LogInit:      CURL_VERSION_SSL
[2016.04.13-07.34.45:612][  0]LogInit:      CURL_VERSION_IPV6
[2016.04.13-07.34.45:612][  0]LogInit:      CURL_VERSION_ASYNCHDNS
[2016.04.13-07.34.45:612][  0]LogInit:      CURL_VERSION_LARGEFILE
[2016.04.13-07.34.45:612][  0]LogInit:      CURL_VERSION_IDN
[2016.04.13-07.34.45:612][  0]LogInit:  CurlRequestOptions (configurable via config and command line):
[2016.04.13-07.34.45:612][  0]LogInit:  - bVerifyPeer = true  - Libcurl will verify peer certificate
[2016.04.13-07.34.45:612][  0]LogInit:  - bUseHttpProxy = false  - Libcurl will NOT use HTTP proxy
[2016.04.13-07.34.45:612][  0]LogInit:  - bDontReuseConnections = false  - Libcurl will reuse connections
[2016.04.13-07.34.45:612][  0]LogInit:  - CertBundlePath = nullptr  - Libcurl will use whatever was configured at build time.
[2016.04.13-07.34.45:617][  0]LogInit: Presizing for 0 objects not considered by GC, pre-allocating 0 bytes.
[2016.04.13-07.34.45:622][  0]LogInit: Object subsystem initialized
[2016.04.13-07.34.45:622][  0]LogInit: Selected Device Profile: [Windows]
[2016.04.13-07.34.45:622][  0]LogInit: Applying CVar settings loaded from the selected device profile: [Windows]
[2016.04.13-07.34.45:629][  0]LogInit: Computer: DESKTOP-3FGIS47
[2016.04.13-07.34.45:629][  0]LogInit: User: root
[2016.04.13-07.34.45:629][  0]LogInit: CPU Page size=4096, Cores=4
[2016.04.13-07.34.45:629][  0]LogInit: High frequency timer resolution =3.328122 MHz
[2016.04.13-07.34.45:629][  0]LogMemory: Memory total: Physical=7.9GB (8GB approx)
[2016.04.13-07.34.45:629][  0]LogMemory: Platform Memory Stats for Windows
[2016.04.13-07.34.45:629][  0]LogMemory: Process Physical Memory: 55.88 MB used, 55.88 MB peak
[2016.04.13-07.34.45:629][  0]LogMemory: Process Virtual Memory: 58.82 MB used, 58.82 MB peak
[2016.04.13-07.34.45:629][  0]LogMemory: Physical Memory: 3947.12 MB used, 8112.36 MB total
[2016.04.13-07.34.45:629][  0]LogMemory: Virtual Memory: 385.09 MB used, 134217728.00 MB total
[2016.04.13-07.34.45:660][  0]LogTextLocalizationManager: No specific translations for ('ja-JP') exist, so ('ja') translations will be used.
[2016.04.13-07.34.45:732][  0]LogTextLocalizationManager:Warning: Loaded localization resources contain conflicting entries for (Namespace:K2Node, Key:false):
Localization Resource: (C:/Program Files (x86)/Epic Games/4.10/Engine/Content/Localization/EditorTutorials/ja/EditorTutorials.locres) Source String Hash: (816077464) Localized String: (偽)
Localization Resource: (C:/Program Files (x86)/Epic Games/4.10/Engine/Content/Localization/Engine/ja/Engine.locres) Source String Hash: (816077464) Localized String: (false)
[2016.04.13-07.34.45:733][  0]LogTextLocalizationManager:Warning: Loaded localization resources contain conflicting entries for (Namespace:K2Node, Key:true):
Localization Resource: (C:/Program Files (x86)/Epic Games/4.10/Engine/Content/Localization/EditorTutorials/ja/EditorTutorials.locres) Source String Hash: (-942328987) Localized String: (真)
Localization Resource: (C:/Program Files (x86)/Epic Games/4.10/Engine/Content/Localization/Engine/ja/Engine.locres) Source String Hash: (-942328987) Localized String: (true)
[2016.04.13-07.34.45:733][  0]LogTextLocalizationManager:Warning: Loaded localization resources contain conflicting entries for (Namespace:UObjectToolTips, Key:AnimNode_BlendSpacePlayer:bLoop):
Localization Resource: (C:/Program Files (x86)/Epic Games/4.10/Engine/Content/Localization/EditorTutorials/ja/EditorTutorials.locres) Source String Hash: (2133979316) Localized String: (再生が最後まで終わった後、ロープ再生するようにしますか？)
Localization Resource: (C:/Program Files (x86)/Epic Games/4.10/Engine/Content/Localization/ToolTips/ja/ToolTips.locres) Source String Hash: (2133979316) Localized String: (ループが最後まで到達した時に、アニメーションのループを継続するべきか？)
[2016.04.13-07.34.45:733][  0]LogTextLocalizationManager:Warning: Loaded localization resources contain conflicting entries for (Namespace:UObjectToolTips, Key:AnimNode_BlendSpacePlayer:X):
Localization Resource: (C:/Program Files (x86)/Epic Games/4.10/Engine/Content/Localization/EditorTutorials/ja/EditorTutorials.locres) Source String Hash: (2060772590) Localized String: (ブレンドスペースで値を取得するX座標)
Localization Resource: (C:/Program Files (x86)/Epic Games/4.10/Engine/Content/Localization/ToolTips/ja/ToolTips.locres) Source String Hash: (2060772590) Localized String: (ブレンドスペースでサンプリングするX座標)
[2016.04.13-07.34.45:733][  0]LogTextLocalizationManager:Warning: Loaded localization resources contain conflicting entries for (Namespace:UObjectToolTips, Key:AnimNode_BlendSpacePlayer:Y):
Localization Resource: (C:/Program Files (x86)/Epic Games/4.10/Engine/Content/Localization/EditorTutorials/ja/EditorTutorials.locres) Source String Hash: (-1719607538) Localized String: (ブレンドスペースで値を取得するY座標)
Localization Resource: (C:/Program Files (x86)/Epic Games/4.10/Engine/Content/Localization/ToolTips/ja/ToolTips.locres) Source String Hash: (-1719607538) Localized String: (ブレンドスペースでサンプリングするY座標)
[2016.04.13-07.34.45:733][  0]LogTextLocalizationManager:Warning: Loaded localization resources contain conflicting entries for (Namespace:UObjectToolTips, Key:AnimNode_BlendSpacePlayer:Z):
Localization Resource: (C:/Program Files (x86)/Epic Games/4.10/Engine/Content/Localization/EditorTutorials/ja/EditorTutorials.locres) Source String Hash: (1728943471) Localized String: (ブレンドスペースで値を取得するZ座標)
Localization Resource: (C:/Program Files (x86)/Epic Games/4.10/Engine/Content/Localization/ToolTips/ja/ToolTips.locres) Source String Hash: (1728943471) Localized String: (ブレンドスペースでサンプリングするZ座標)
[2016.04.13-07.34.45:733][  0]LogTextLocalizationManager:Warning: Loaded localization resources contain conflicting entries for (Namespace:UObjectToolTips, Key:AnimNode_BlendSpacePlayer:BlendSpace):
Localization Resource: (C:/Program Files (x86)/Epic Games/4.10/Engine/Content/Localization/EditorTutorials/ja/EditorTutorials.locres) Source String Hash: (1599043277) Localized String: (再生するブレンドスペースのアセット)
Localization Resource: (C:/Program Files (x86)/Epic Games/4.10/Engine/Content/Localization/ToolTips/ja/ToolTips.locres) Source String Hash: (1599043277) Localized String: (再生するブレンド空間アセット)
[2016.04.13-07.34.45:733][  0]LogTextLocalizationManager:Warning: Loaded localization resources contain conflicting entries for (Namespace:UObjectToolTips, Key:AnimNode_StateMachine:MaxTransitionsPerFrame):
Localization Resource: (C:/Program Files (x86)/Epic Games/4.10/Engine/Content/Localization/EditorTutorials/ja/EditorTutorials.locres) Source String Hash: (1567650430) Localized String: (このマシーンで1フレームあたりに同時に処理できるトランジションの最大数)
Localization Resource: (C:/Program Files (x86)/Epic Games/4.10/Engine/Content/Localization/ToolTips/ja/ToolTips.locres) Source String Hash: (1567650430) Localized String: (単一フレームでマシーンが「同時」に受け取れる遷移の最大数)
[2016.04.13-07.34.45:733][  0]LogTextLocalizationManager:Warning: Loaded localization resources contain conflicting entries for (Namespace:UObjectToolTips, Key:AnimNode_BlendSpacePlayer:PlayRate):
Localization Resource: (C:/Program Files (x86)/Epic Games/4.10/Engine/Content/Localization/EditorTutorials/ja/EditorTutorials.locres) Source String Hash: (-1274923958) Localized String: (再生速度の倍率です。負の数値も使う事ができます。その場合逆再生になります。)
Localization Resource: (C:/Program Files (x86)/Epic Games/4.10/Engine/Content/Localization/ToolTips/ja/ToolTips.locres) Source String Hash: (-1274923958) Localized String: (再生レート乗数。アニメーションを逆再生する負の値にすることができます。)
[2016.04.13-07.34.45:864][  0]LogD3D11RHI: Found D3D11 adapter 0: NVIDIA GeForce GTX 960 (Feature Level 11_0)
[2016.04.13-07.34.45:864][  0]LogD3D11RHI: Adapter has 1969MB of dedicated video memory, 0MB of dedicated system memory, and 4056MB of shared system memory, 2 output[s]
[2016.04.13-07.34.45:865][  0]LogD3D11RHI: Found D3D11 adapter 1: Microsoft Basic Render Driver (Feature Level 11_0)
[2016.04.13-07.34.45:865][  0]LogD3D11RHI: Adapter has 0MB of dedicated video memory, 0MB of dedicated system memory, and 4056MB of shared system memory, 0 output[s]
[2016.04.13-07.34.45:865][  0]LogD3D11RHI: Chosen D3D11 Adapter Id = 0
[2016.04.13-07.34.45:868][  0]LogD3D11RHI: !Direct3DDevice
[2016.04.13-07.34.45:868][  0]LogRHI: Texture pool is 1361 MB (70% of 1945 MB)
[2016.04.13-07.34.45:879][  0]LogD3D11RHI: Async texture creation enabled
[2016.04.13-07.34.45:893][  0]LogShaderCompilers: Guid format shader working directory is -15 characters bigger than the processId version (../../../../../../Users/root/Documents/SourceTree/YouHaShock/Intermediate/Shaders/WorkingDirectory/4864/).
[2016.04.13-07.34.45:893][  0]LogShaderCompilers: Cleaned the shader compiler working directory 'C:/Users/root/AppData/Local/Temp/UnrealShaderWorkingDir/D22538DC46BC3698C5D959B6C8A7A1A3/'.
[2016.04.13-07.34.45:893][  0]LogShaderCompilers:Display: Using Local Shader Compiler.
[2016.04.13-07.34.46:589][  0]LogTemp:Display: Loaded TP AllDesktopTargetPlatform
[2016.04.13-07.34.46:592][  0]LogTemp:Display: Loaded TP WindowsClientTargetPlatform
[2016.04.13-07.34.46:595][  0]LogTemp:Display: Loaded TP WindowsNoEditorTargetPlatform
[2016.04.13-07.34.46:598][  0]LogTemp:Display: Loaded TP WindowsServerTargetPlatform
[2016.04.13-07.34.46:602][  0]LogTemp:Display: Loaded TP WindowsTargetPlatform
[2016.04.13-07.34.46:604][  0]LogTemp:Display: Loaded TP AndroidTargetPlatform
[2016.04.13-07.34.46:607][  0]LogTemp:Display: Loaded TP Android_ASTCTargetPlatform
[2016.04.13-07.34.46:609][  0]LogTemp:Display: Loaded TP Android_ATCTargetPlatform
[2016.04.13-07.34.46:611][  0]LogTemp:Display: Loaded TP Android_DXTTargetPlatform
[2016.04.13-07.34.46:613][  0]LogTemp:Display: Loaded TP Android_ETC1TargetPlatform
[2016.04.13-07.34.46:616][  0]LogTemp:Display: Loaded TP Android_ETC2TargetPlatform
[2016.04.13-07.34.46:621][  0]LogTemp:Display: Loaded TP Android_MultiTargetPlatform
[2016.04.13-07.34.46:621][  0]LogTemp:Display: Loaded TP Android_PVRTCTargetPlatform
[2016.04.13-07.34.46:622][  0]LogTemp:Display: Loaded TP HTML5TargetPlatform
[2016.04.13-07.34.46:638][  0]LogTemp:Display: Loaded TP IOSTargetPlatform
[2016.04.13-07.34.46:640][  0]LogTemp:Display: Loaded TP LinuxNoEditorTargetPlatform
[2016.04.13-07.34.46:642][  0]LogTemp:Display: Loaded TP LinuxServerTargetPlatform
[2016.04.13-07.34.46:645][  0]LogTemp:Display: Loaded TP LinuxTargetPlatform
[2016.04.13-07.34.46:645][  0]LogTargetPlatformManager:Display: Building Assets For Windows
[2016.04.13-07.34.46:700][  0]LogDerivedDataCache:Display: Max Cache Size: 512 MB
[2016.04.13-07.34.46:737][  0]LogDerivedDataCache: Loaded boot cache 0.04s 41MB C:/Users/root/AppData/Local/UnrealEngine/4.10/DerivedDataCache/Boot.ddc.
[2016.04.13-07.34.46:737][  0]LogDerivedDataCache:Display: Loaded Boot cache: C:/Users/root/AppData/Local/UnrealEngine/4.10/DerivedDataCache/Boot.ddc
[2016.04.13-07.34.46:737][  0]LogDerivedDataCache: FDerivedDataBackendGraph:  Pak pak cache file ../../../../../../Users/root/Documents/SourceTree/YouHaShock/DerivedDataCache/DDC.ddp not found, will not use a pak cache.
[2016.04.13-07.34.46:737][  0]LogDerivedDataCache: Unable to find inner node Pak for hierarchical cache Hierarchy.
[2016.04.13-07.34.46:737][  0]LogDerivedDataCache: FDerivedDataBackendGraph:  CompressedPak pak cache file ../../../../../../Users/root/Documents/SourceTree/YouHaShock/DerivedDataCache/Compressed.ddp not found, will not use a pak cache.
[2016.04.13-07.34.46:737][  0]LogDerivedDataCache: Unable to find inner node CompressedPak for hierarchical cache Hierarchy.
[2016.04.13-07.34.46:785][  0]LogDerivedDataCache:Display: Pak cache opened for reading ../../../Engine/DerivedDataCache/Compressed.ddp.
[2016.04.13-07.34.46:800][  0]LogDerivedDataCache: Using Local data cache path C:/Users/root/AppData/Local/UnrealEngine/Common/DerivedDataCache: Writable
[2016.04.13-07.34.47:091][  0]LogInit: Selected Device Profile: [Windows]
[2016.04.13-07.34.47:093][  0]LogContentStreaming: Texture pool size is 0.000000MB
[2016.04.13-07.34.47:179][  0]LogMeshUtilities: No automatic mesh reduction module available
[2016.04.13-07.34.47:179][  0]LogMeshUtilities: No automatic mesh merging module available
[2016.04.13-07.34.47:349][  0]LogInit: WinSock: version 1.1 (2.2), MaxSocks=32767, MaxUdp=65467
[2016.04.13-07.34.48:205][  0]UdpMessaging: Initializing bridge on interface 0.0.0.0:0 to multicast group 230.0.0.1:6666.
[2016.04.13-07.34.48:427][  0]LogAssetRegistry: FAssetRegistry took 0.0115 seconds to start up
[2016.04.13-07.34.48:580][  0]SourceControl: 情報 ソースコントロールは無効です
[2016.04.13-07.34.49:085][  0]SourceControl: 情報 ソースコントロールは無効です
[2016.04.13-07.34.49:094][  0]SourceControl: 情報 ソースコントロールは無効です
[2016.04.13-07.34.49:102][  0]SourceControl: 情報 ソースコントロールは無効です
[2016.04.13-07.34.49:278][  0]LogObj: 28633 objects as part of root set at end of initial load.
[2016.04.13-07.34.49:278][  0]LogUObjectAllocator: 6099752 out of 0 bytes used by permanent object pool.
[2016.04.13-07.34.49:324][  0]LogEngine: Initializing Engine...
[2016.04.13-07.34.49:325][  0]LogHMD: Can't find Oculus library dev build: is proper Runtime installed? Version: 0.8.0.0
[2016.04.13-07.34.49:326][  0]LogHMD: SteamVR failed to initialize.  Err: 110
[2016.04.13-07.34.49:422][  0]LogAIModule: Creating AISystem for world NewWorld
[2016.04.13-07.34.49:428][  0]LogInit: XAudio2 using 'ASUS PB279-4 (NVIDIA High Definition Audio)' : 2 channels at 48 kHz using 16 bits per sample (channel mask 0x3)
[2016.04.13-07.34.49:442][  0]LogInit: FAudioDevice initialized.
[2016.04.13-07.34.49:467][  0]LogDerivedDataCache: Saved boot cache 0.03s 41MB C:/Users/root/AppData/Local/UnrealEngine/4.10/DerivedDataCache/Boot.ddc.
[2016.04.13-07.34.49:469][  0]LogInit: Texture streaming: Enabled
[2016.04.13-07.34.49:473][  0]LogAnalytics: Creating configured Analytics provider AnalyticsET
[2016.04.13-07.34.49:473][  0]LogAnalytics: [UEEditor.Rocket.Release] APIServer = http://et2.epicgames.com/ET2/. AppVersion = 4.10.4-2872498+++depot+UE4-Releases+4.10
[2016.04.13-07.34.49:473][  0]LogAnalytics: [UEEditor.Rocket.Release] SetUserId 9e134f6045264bdc110d668ebaba8e11|278cf325558041349b6264c3be001f84|526e734b-a5cd-45ce-bc9b-48d080aa42fc
[2016.04.13-07.34.49:473][  0]LogAnalytics: [UEEditor.Rocket.Release] AnalyticsET::StartSession
[2016.04.13-07.34.49:479][  0]LogInit: Transaction tracking system initialized
[2016.04.13-07.34.49:496][  0]BlueprintLog: New page: エディタの読み込み
[2016.04.13-07.34.49:653][  0]LocalizationService: 情報 ローカライズのサービスが無効になりました
[2016.04.13-07.34.49:711][  0]LogConsoleResponse:Display: 
[2016.04.13-07.34.49:795][  0]LogCook:Display: Done creating registry. It took  0.00s.
[2016.04.13-07.34.49:837][  0]LogFileCache: Scanning file cache for directory 'C:/Users/root/Documents/SourceTree/YouHaShock/Content/' took 0.01s
[2016.04.13-07.34.49:837][  0]SourceControl: 情報 ソースコントロールは無効です
[2016.04.13-07.34.49:837][  0]Cmd: MAP LOAD FILE="../../../../../../Users/root/Documents/SourceTree/YouHaShock/Content/ThirdPersonBP/Maps/ThirdPersonExampleMap.umap" TEMPLATE=0 SHOWPROGRESS=1 FEATURELEVEL=3
[2016.04.13-07.34.49:837][  0]LightingResults: New page: ライティングのビルド
[2016.04.13-07.34.49:839][  0]MapCheck: New page: マップをチェック
[2016.04.13-07.34.49:839][  0]LightingResults: New page: <何も選択されていません>
[2016.04.13-07.34.49:848][  0]LogParticles: Destroying 0 GPU particle simulations for FXSystem 0x0000019ED39C2020
[2016.04.13-07.34.50:359][  0]LogAIModule: Creating AISystem for world ThirdPersonExampleMap
[2016.04.13-07.34.50:365][  0]LogEditorServer: Finished looking for orphan Actors (0.000 secs)
[2016.04.13-07.34.50:366][  0]Cmd: MAP CHECKDEP NOCLEARLOG
[2016.04.13-07.34.50:447][  0]MapCheck: 情報 マップチェックが完了: 0 エラー、 0 警告、完了に 81.219ミリ秒かかりました。
[2016.04.13-07.34.50:447][  0]LogFileHelpers: Loading map 'ThirdPersonExampleMap' took 0.610
[2016.04.13-07.34.50:580][  0]LogCollectionManager: Loaded 0 collections in 0.001080 seconds
[2016.04.13-07.34.50:622][  0]LogFileCache: Scanning file cache for directory 'C:/Users/root/Documents/SourceTree/YouHaShock/Saved/Collections/' took 0.01s
[2016.04.13-07.34.50:622][  0]LogFileCache: Scanning file cache for directory 'C:/Users/root/Documents/SourceTree/YouHaShock/Content/Developers/root/Collections/' took 0.01s
[2016.04.13-07.34.50:622][  0]LogFileCache: Scanning file cache for directory 'C:/Users/root/Documents/SourceTree/YouHaShock/Content/Collections/' took 0.01s
[2016.04.13-07.34.50:622][  0]LogCollectionManager: Rebuilt the GUID cache for 0 collections in 0.000001 seconds
[2016.04.13-07.34.50:628][  0]LogContentBrowser: Native class hierarchy populated in 0.0053 seconds. Added 1893 classes and 338 folders.
[2016.04.13-07.34.50:631][  0]LogContentBrowser: Native class hierarchy updated for 'WidgetCarousel' in 0.0003 seconds. Added 0 classes and 0 folders.
[2016.04.13-07.34.50:695][  0]LogContentBrowser: Native class hierarchy updated for 'AddContentDialog' in 0.0003 seconds. Added 0 classes and 0 folders.
[2016.04.13-07.34.50:698][  0]LogContentBrowser: Native class hierarchy updated for 'SceneOutliner' in 0.0003 seconds. Added 1 classes and 2 folders.
[2016.04.13-07.34.50:711][  0]LogCrashTracker: Crashtracker disabled due to settings.
[2016.04.13-07.34.50:737][  0]LogWindowsTextInputMethodSystem:Display: IME system now activated using TSF (Microsoft IME).
[2016.04.13-07.34.50:773][  0]LogLoad: Full Startup: 5.51 seconds (BP compile: 0.06 seconds)
[2016.04.13-07.34.50:785][  0]LogOcInput: Can't find Oculus library dev build: is proper Runtime installed? Version: 0.8.0.0
[2016.04.13-07.34.50:972][  0]LogContentStreaming: Texture pool size now 1000 MB
[2016.04.13-07.34.51:093][  0]LogRenderer: Reallocating scene render targets to support 2428x1276 (Frame:2).
[2016.04.13-07.34.51:325][  3]LogRenderTargetPool:Warning: r.RenderTargetPoolMin exceeded 512/400 MB (ok in editor, bad on fixed memory platform)
[2016.04.13-07.34.51:337][  3]LogAssetRegistry: Asset discovery search completed in 2.9213 seconds
[2016.04.13-07.34.51:337][  3]LogCollectionManager: Rebuilt the object cache for 0 collections in 0.000001 seconds (found 0 objects)
[2016.04.13-07.34.51:337][  3]LogCollectionManager: Fixed up redirectors for 0 collections in 0.000015 seconds (updated 0 objects)
[2016.04.13-07.34.56:150][248]LogBlueprintUserMessages: Early PlayInEditor Detection: Level '/Game/ThirdPersonBP/Maps/ThirdPersonExampleMap.ThirdPersonExampleMap:PersistentLevel' has LevelScriptBlueprint '/Game/ThirdPersonBP/Maps/ThirdPersonExampleMap.ThirdPersonExampleMap:PersistentLevel.ThirdPersonExampleMap' with GeneratedClass '/Game/ThirdPersonBP/Maps/ThirdPersonExampleMap.ThirdPersonExampleMap_C' with ClassGeneratedBy '/Game/ThirdPersonBP/Maps/ThirdPersonExampleMap.ThirdPersonExampleMap:PersistentLevel.ThirdPersonExampleMap'
[2016.04.13-07.34.56:150][248]LogPlayLevel: PlayLevel: No blueprints needed recompiling
[2016.04.13-07.34.56:151][248]PIE: New page: PIEセッション: ThirdPersonExampleMap (2016/04/14 1:34:56)
[2016.04.13-07.34.56:152][248]LogPlayLevel: Creating play world package: /Game/ThirdPersonBP/Maps/UEDPIE_0_ThirdPersonExampleMap
[2016.04.13-07.34.56:177][248]LogPlayLevel: PIE: StaticDuplicateObject took: (0.024640s)
[2016.04.13-07.34.56:178][248]LogAIModule: Creating AISystem for world ThirdPersonExampleMap
[2016.04.13-07.34.56:178][248]LogPlayLevel: PIE: World Init took: (0.000781s)
[2016.04.13-07.34.56:179][248]LogPlayLevel: PIE: Created PIE world by copying editor world from /Game/ThirdPersonBP/Maps/ThirdPersonExampleMap.ThirdPersonExampleMap to /Game/ThirdPersonBP/Maps/UEDPIE_0_ThirdPersonExampleMap.ThirdPersonExampleMap (0.026165s)
[2016.04.13-07.34.56:200][248]LogInit: XAudio2 using 'ASUS PB279-4 (NVIDIA High Definition Audio)' : 2 channels at 48 kHz using 16 bits per sample (channel mask 0x3)
[2016.04.13-07.34.56:203][248]LogInit: FAudioDevice initialized.
[2016.04.13-07.34.56:284][248]LogWorld: Game class is 'ThirdPersonGameMode_C'
[2016.04.13-07.34.56:297][248]LogWorld: Bringing World /Game/ThirdPersonBP/Maps/UEDPIE_0_ThirdPersonExampleMap.ThirdPersonExampleMap up for play (max tick rate 0) at 2016.04.13-16.34.56
[2016.04.13-07.34.56:297][248]LogActor:Warning: GameSession /Game/ThirdPersonBP/Maps/UEDPIE_0_ThirdPersonExampleMap.ThirdPersonExampleMap:PersistentLevel.GameSession_0 has natively added scene component(s), but none of them were set as the actor's RootComponent - picking one arbitrarily
[2016.04.13-07.34.56:298][248]LogActor:Warning: GameNetworkManager /Game/ThirdPersonBP/Maps/UEDPIE_0_ThirdPersonExampleMap.ThirdPersonExampleMap:PersistentLevel.GameNetworkManager_0 has natively added scene component(s), but none of them were set as the actor's RootComponent - picking one arbitrarily
[2016.04.13-07.34.56:301][248]LogWorld: Bringing up level for play took: 0.006712
[2016.04.13-07.34.56:325][248]PIE: 情報 /Game/ThirdPersonBP/Maps/UEDPIE_0_ThirdPersonExampleMap 1.072のプレイ イン エディタの開始時間
[2016.04.13-07.34.56:326][248]LogBlueprintUserMessages: Late PlayInEditor Detection: Level '/Game/ThirdPersonBP/Maps/ThirdPersonExampleMap.ThirdPersonExampleMap:PersistentLevel' has LevelScriptBlueprint '/Game/ThirdPersonBP/Maps/ThirdPersonExampleMap.ThirdPersonExampleMap:PersistentLevel.ThirdPersonExampleMap' with GeneratedClass '/Game/ThirdPersonBP/Maps/ThirdPersonExampleMap.ThirdPersonExampleMap_C' with ClassGeneratedBy '/Game/ThirdPersonBP/Maps/ThirdPersonExampleMap.ThirdPersonExampleMap:PersistentLevel.ThirdPersonExampleMap'
[2016.04.13-07.34.56:405][249]LogRenderTargetPool:Warning: r.RenderTargetPoolMin exceeded 579/400 MB (ok in editor, bad on fixed memory platform)
[2016.04.13-07.35.16:789][495]LogBlueprintUserMessages: Early EndPlayMap Detection: Level '/Game/ThirdPersonBP/Maps/ThirdPersonExampleMap.ThirdPersonExampleMap:PersistentLevel' has LevelScriptBlueprint '/Game/ThirdPersonBP/Maps/ThirdPersonExampleMap.ThirdPersonExampleMap:PersistentLevel.ThirdPersonExampleMap' with GeneratedClass '/Game/ThirdPersonBP/Maps/ThirdPersonExampleMap.ThirdPersonExampleMap_C' with ClassGeneratedBy '/Game/ThirdPersonBP/Maps/ThirdPersonExampleMap.ThirdPersonExampleMap:PersistentLevel.ThirdPersonExampleMap'
[2016.04.13-07.35.16:826][495]LogBlueprintUserMessages: Late EndPlayMap Detection: Level '/Game/ThirdPersonBP/Maps/ThirdPersonExampleMap.ThirdPersonExampleMap:PersistentLevel' has LevelScriptBlueprint '/Game/ThirdPersonBP/Maps/ThirdPersonExampleMap.ThirdPersonExampleMap:PersistentLevel.ThirdPersonExampleMap' with GeneratedClass '/Game/ThirdPersonBP/Maps/ThirdPersonExampleMap.ThirdPersonExampleMap_C' with ClassGeneratedBy '/Game/ThirdPersonBP/Maps/ThirdPersonExampleMap.ThirdPersonExampleMap:PersistentLevel.ThirdPersonExampleMap'
[2016.04.13-07.35.16:836][495]LogParticles: Destroying 0 GPU particle simulations for FXSystem 0x0000019EDE7C6200
[2016.04.13-07.35.18:914][598]LogWindowsTextInputMethodSystem:Display: IME system now activated using TSF (Microsoft IME).
[2016.04.13-07.35.19:131][599]Cmd: QUIT_EDITOR
[2016.04.13-07.35.19:731][599]LogExit: Preparing to exit.
[2016.04.13-07.35.20:301][599]LogExit: Editor shut down
[2016.04.13-07.35.20:302][599]LogExit: Transaction tracking system shut down
[2016.04.13-07.35.20:303][599]LogParticles: Destroying 0 GPU particle simulations for FXSystem 0x0000019EC69E51C0
[2016.04.13-07.35.20:303][599]LogParticles: Destroying 0 GPU particle simulations for FXSystem 0x0000019EDC6B3880
[2016.04.13-07.35.20:396][599]LogExit: Object subsystem successfully closed.
[2016.04.13-07.35.20:407][599]LogD3D11RHI: Shutdown
[2016.04.13-07.35.20:407][599]LogD3D11RHI: CleanupD3DDevice
[2016.04.13-07.35.20:453][599]LogD3D11RHI: ~FD3D11DynamicRHI
[2016.04.13-07.35.20:467][599]LogModuleManager: Shutting down and abandoning module CrashTracker (198)
[2016.04.13-07.35.20:467][599]LogModuleManager: Shutting down and abandoning module SceneOutliner (197)
[2016.04.13-07.35.20:467][599]LogModuleManager: Shutting down and abandoning module SuperSearch (196)
[2016.04.13-07.35.20:467][599]LogModuleManager: Shutting down and abandoning module WidgetCarousel (195)
[2016.04.13-07.35.20:467][599]LogModuleManager: Shutting down and abandoning module AddContentDialog (194)
[2016.04.13-07.35.20:468][599]LogModuleManager: Shutting down and abandoning module EditorWidgets (193)
[2016.04.13-07.35.20:468][599]LogModuleManager: Shutting down and abandoning module CollectionManager (192)
[2016.04.13-07.35.20:468][599]LogModuleManager: Shutting down and abandoning module StatsViewer (191)
[2016.04.13-07.35.20:468][599]LogModuleManager: Shutting down and abandoning module FoliageEdit (190)
[2016.04.13-07.35.20:468][599]LogModuleManager: Shutting down and abandoning module LandscapeEditor (189)
[2016.04.13-07.35.20:468][599]LogModuleManager: Shutting down and abandoning module ActorPickerMode (188)
[2016.04.13-07.35.20:468][599]LogModuleManager: Shutting down and abandoning module GeometryMode (187)
[2016.04.13-07.35.20:468][599]LogModuleManager: Shutting down and abandoning module TextureAlignMode (186)
[2016.04.13-07.35.20:468][599]LogModuleManager: Shutting down and abandoning module BspMode (185)
[2016.04.13-07.35.20:468][599]LogModuleManager: Shutting down and abandoning module PlacementMode (184)
[2016.04.13-07.35.20:468][599]LogModuleManager: Shutting down and abandoning module AutomationWorker (183)
[2016.04.13-07.35.20:468][599]LogModuleManager: Shutting down and abandoning module CharacterAI (182)
[2016.04.13-07.35.20:468][599]LogModuleManager: Shutting down and abandoning module SmartSnapping (181)
[2016.04.13-07.35.20:468][599]LogModuleManager: Shutting down and abandoning module ViewportSnapping (180)
[2016.04.13-07.35.20:468][599]LogModuleManager: Shutting down and abandoning module LogVisualizer (179)
[2016.04.13-07.35.20:468][599]LogModuleManager: Shutting down and abandoning module GameProjectGeneration (178)
[2016.04.13-07.35.20:468][599]LogModuleManager: Shutting down and abandoning module IntroTutorials (177)
[2016.04.13-07.35.20:468][599]LogModuleManager: Shutting down and abandoning module EditorLiveStreaming (176)
[2016.04.13-07.35.20:468][599]LogModuleManager: Shutting down and abandoning module IOSPlatformEditor (175)
[2016.04.13-07.35.20:468][599]LogModuleManager: Shutting down and abandoning module HTML5PlatformEditor (174)
[2016.04.13-07.35.20:468][599]LogModuleManager: Shutting down and abandoning module AndroidDeviceDetection (173)
[2016.04.13-07.35.20:689][599]LogModuleManager: Shutting down and abandoning module AndroidPlatformEditor (172)
[2016.04.13-07.35.20:689][599]LogModuleManager: Shutting down and abandoning module IOSRuntimeSettings (171)
[2016.04.13-07.35.20:689][599]LogModuleManager: Shutting down and abandoning module AndroidRuntimeSettings (170)
[2016.04.13-07.35.20:689][599]LogModuleManager: Shutting down and abandoning module MergeActors (169)
[2016.04.13-07.35.20:690][599]LogModuleManager: Shutting down and abandoning module SizeMap (168)
[2016.04.13-07.35.20:690][599]LogModuleManager: Shutting down and abandoning module TreeMap (167)
[2016.04.13-07.35.20:690][599]LogModuleManager: Shutting down and abandoning module ReferenceViewer (166)
[2016.04.13-07.35.20:690][599]LogModuleManager: Shutting down and abandoning module LocalizationService (165)
[2016.04.13-07.35.20:690][599]LogModuleManager: Shutting down and abandoning module LocalizationDashboard (164)
[2016.04.13-07.35.20:690][599]LogModuleManager: Shutting down and abandoning module HardwareTargeting (163)
[2016.04.13-07.35.20:690][599]LogModuleManager: Shutting down and abandoning module DeviceProfileEditor (162)
[2016.04.13-07.35.20:690][599]LogModuleManager: Shutting down and abandoning module UndoHistory (161)
[2016.04.13-07.35.20:690][599]LogModuleManager: Shutting down and abandoning module GameplayTagsEditor (160)
[2016.04.13-07.35.20:690][599]LogModuleManager: Shutting down and abandoning module UserFeedback (159)
[2016.04.13-07.35.20:690][599]LogModuleManager: Shutting down and abandoning module XmlParser (158)
[2016.04.13-07.35.20:690][599]LogModuleManager: Shutting down and abandoning module Blutility (157)
[2016.04.13-07.35.20:690][599]LogModuleManager: Shutting down and abandoning module ProjectTargetPlatformEditor (156)
[2016.04.13-07.35.20:690][599]LogModuleManager: Shutting down and abandoning module ProjectSettingsViewer (155)
[2016.04.13-07.35.20:690][599]LogModuleManager: Shutting down and abandoning module InputBindingEditor (154)
[2016.04.13-07.35.20:690][599]LogModuleManager: Shutting down and abandoning module EditorSettingsViewer (153)
[2016.04.13-07.35.20:690][599]LogModuleManager: Shutting down and abandoning module SettingsEditor (152)
[2016.04.13-07.35.20:690][599]LogModuleManager: Shutting down and abandoning module ProjectLauncher (151)
[2016.04.13-07.35.20:690][599]LogModuleManager: Shutting down and abandoning module SessionFrontend (150)
[2016.04.13-07.35.20:690][599]LogModuleManager: Shutting down and abandoning module ProfilerClient (149)
[2016.04.13-07.35.20:690][599]LogModuleManager: Shutting down and abandoning module TargetDeviceServices (148)
[2016.04.13-07.35.20:690][599]LogModuleManager: Shutting down and abandoning module DeviceManager (147)
[2016.04.13-07.35.20:690][599]LogModuleManager: Shutting down and abandoning module AutomationController (146)
[2016.04.13-07.35.20:690][599]LogModuleManager: Shutting down and abandoning module AutomationWindow (145)
[2016.04.13-07.35.20:690][599]LogModuleManager: Shutting down and abandoning module Layers (144)
[2016.04.13-07.35.20:690][599]LogModuleManager: Shutting down and abandoning module ComponentVisualizers (143)
[2016.04.13-07.35.20:690][599]LogModuleManager: Shutting down and abandoning module DetailCustomizations (142)
[2016.04.13-07.35.20:690][599]LogModuleManager: Shutting down and abandoning module PackagesDialog (141)
[2016.04.13-07.35.20:690][599]LogModuleManager: Shutting down and abandoning module Persona (140)
[2016.04.13-07.35.20:690][599]LogModuleManager: Shutting down and abandoning module Kismet (139)
[2016.04.13-07.35.20:690][599]LogModuleManager: Shutting down and abandoning module GraphEditor (138)
[2016.04.13-07.35.20:690][599]LogModuleManager: Shutting down and abandoning module ClassViewer (137)
[2016.04.13-07.35.20:690][599]LogModuleManager: Shutting down and abandoning module Toolbox (136)
[2016.04.13-07.35.20:690][599]LogModuleManager: Shutting down and abandoning module ModuleUI (135)
[2016.04.13-07.35.20:690][599]LogModuleManager: Shutting down and abandoning module MovieSceneTools (134)
[2016.04.13-07.35.20:690][599]LogModuleManager: Shutting down and abandoning module OutputLog (133)
[2016.04.13-07.35.20:690][599]LogModuleManager: Shutting down and abandoning module GammaUI (132)
[2016.04.13-07.35.20:690][599]LogModuleManager: Shutting down and abandoning module Documentation (131)
[2016.04.13-07.35.20:690][599]LogModuleManager: Shutting down and abandoning module GameLiveStreaming (130)
[2016.04.13-07.35.20:690][599]LogModuleManager: Shutting down and abandoning module StreamingPauseRendering (129)
[2016.04.13-07.35.20:690][599]LogModuleManager: Shutting down and abandoning module AnalyticsET (128)
[2016.04.13-07.35.20:690][599]LogModuleManager: Shutting down and abandoning module Analytics (127)
[2016.04.13-07.35.20:690][599]LogModuleManager: Shutting down and abandoning module AITestSuite (126)
[2016.04.13-07.35.20:690][599]LogModuleManager: Shutting down and abandoning module GameplayDebugger (125)
[2016.04.13-07.35.20:690][599]LogModuleManager: Shutting down and abandoning module AIModule (124)
[2016.04.13-07.35.20:690][599]LogModuleManager: Shutting down and abandoning module ProfilerService (123)
[2016.04.13-07.35.20:814][599]LogModuleManager: Shutting down and abandoning module TaskGraph (122)
[2016.04.13-07.35.20:814][599]LogModuleManager: Shutting down and abandoning module SlateRemote (121)
[2016.04.13-07.35.20:814][599]LogModuleManager: Shutting down and abandoning module SteamVRController (120)
[2016.04.13-07.35.20:814][599]LogModuleManager: Shutting down and abandoning module SteamVR (119)
[2016.04.13-07.35.20:814][599]LogModuleManager: Shutting down and abandoning module ProceduralMeshComponent (118)
[2016.04.13-07.35.20:814][599]LogModuleManager: Shutting down and abandoning module OculusLibrary (117)
[2016.04.13-07.35.20:814][599]LogModuleManager: Shutting down and abandoning module OculusInput (116)
[2016.04.13-07.35.20:814][599]LogModuleManager: Shutting down and abandoning module LeapMotionController (115)
[2016.04.13-07.35.20:825][599]LogModuleManager: Shutting down and abandoning module CustomMeshComponent (114)
[2016.04.13-07.35.20:825][599]LogModuleManager: Shutting down and abandoning module CableComponent (113)
[2016.04.13-07.35.20:825][599]LogModuleManager: Shutting down and abandoning module ArchVisCharacter (112)
[2016.04.13-07.35.20:825][599]LogModuleManager: Shutting down and abandoning module MessagingDebugger (111)
[2016.04.13-07.35.20:825][599]LogModuleManager: Shutting down and abandoning module MediaPlayerEditor (110)
[2016.04.13-07.35.20:826][599]LogModuleManager: Shutting down and abandoning module HTML5Networking (109)
[2016.04.13-07.35.20:826][599]LogModuleManager: Shutting down and abandoning module SpeedTreeImporter (108)
[2016.04.13-07.35.20:826][599]LogModuleManager: Shutting down and abandoning module PluginBrowser (107)
[2016.04.13-07.35.20:826][599]LogModuleManager: Shutting down and abandoning module EpicSurvey (106)
[2016.04.13-07.35.20:826][599]LogModuleManager: Shutting down and abandoning module DesktopPlatform (105)
[2016.04.13-07.35.20:826][599]LogModuleManager: Shutting down and abandoning module VisualStudioSourceCodeAccess (104)
[2016.04.13-07.35.20:826][599]LogModuleManager: Shutting down and abandoning module UObjectPlugin (103)
[2016.04.13-07.35.20:826][599]LogModuleManager: Shutting down and abandoning module SubversionSourceControl (102)
[2016.04.13-07.35.20:826][599]LogModuleManager: Shutting down and abandoning module PerforceSourceControl (101)
[2016.04.13-07.35.20:826][599]LogModuleManager: Shutting down and abandoning module SourceControl (100)
[2016.04.13-07.35.20:826][599]LogModuleManager: Shutting down and abandoning module GitSourceControl (99)
[2016.04.13-07.35.20:826][599]LogModuleManager: Shutting down and abandoning module LightPropagationVolumeEditor (98)
[2016.04.13-07.35.20:826][599]LogModuleManager: Shutting down and abandoning module PaperTiledImporter (97)
[2016.04.13-07.35.20:826][599]LogModuleManager: Shutting down and abandoning module PaperSpriteSheetImporter (96)
[2016.04.13-07.35.20:826][599]LogModuleManager: Shutting down and abandoning module MeshPaint (95)
[2016.04.13-07.35.20:826][599]LogModuleManager: Shutting down and abandoning module SlateReflector (94)
[2016.04.13-07.35.20:826][599]LogModuleManager: Shutting down and abandoning module HotReload (93)
[2016.04.13-07.35.20:826][599]LogModuleManager: Shutting down and abandoning module MainFrame (92)
[2016.04.13-07.35.20:826][599]LogModuleManager: Shutting down and abandoning module LevelEditor (91)
[2016.04.13-07.35.20:826][599]LogModuleManager: Shutting down and abandoning module DirectoryWatcher (90)
[2016.04.13-07.35.20:827][599]LogModuleManager: Shutting down and abandoning module AssetRegistry (89)
[2016.04.13-07.35.20:942][599]LogModuleManager: Shutting down and abandoning module ContentBrowser (88)
[2016.04.13-07.35.20:942][599]LogModuleManager: Shutting down and abandoning module Paper2DEditor (87)
[2016.04.13-07.35.20:942][599]LogModuleManager: Shutting down and abandoning module UdpMessaging (86)
[2016.04.13-07.35.21:043][599]LogModuleManager: Shutting down and abandoning module LightPropagationVolumeRuntime (85)
[2016.04.13-07.35.21:043][599]LogModuleManager: Shutting down and abandoning module Paper2D (84)
[2016.04.13-07.35.21:043][599]LogModuleManager: Shutting down and abandoning module WindowsMoviePlayer (83)
[2016.04.13-07.35.21:045][599]LogModuleManager: Shutting down and abandoning module Media (82)
[2016.04.13-07.35.21:045][599]LogModuleManager: Shutting down and abandoning module WmfMedia (81)
[2016.04.13-07.35.21:045][599]LogModuleManager: Shutting down and abandoning module OnlineBlueprintSupport (80)
[2016.04.13-07.35.21:045][599]LogModuleManager: Shutting down and abandoning module GameplayTasksEditor (79)
[2016.04.13-07.35.21:045][599]LogModuleManager: Shutting down and abandoning module PropertyEditor (78)
[2016.04.13-07.35.21:045][599]LogModuleManager: Shutting down and abandoning module BehaviorTreeEditor (77)
[2016.04.13-07.35.21:045][599]LogModuleManager: Shutting down and abandoning module FunctionalTesting (76)
[2016.04.13-07.35.21:045][599]LogModuleManager: Shutting down and abandoning module CollisionAnalyzer (75)
[2016.04.13-07.35.21:045][599]LogModuleManager: Shutting down and abandoning module WorkspaceMenuStructure (74)
[2016.04.13-07.35.21:045][599]LogModuleManager: Shutting down and abandoning module MessageLog (73)
[2016.04.13-07.35.21:045][599]LogModuleManager: Shutting down and abandoning module Sequencer (72)
[2016.04.13-07.35.21:045][599]LogModuleManager: Shutting down and abandoning module AssetTools (71)
[2016.04.13-07.35.21:045][599]LogModuleManager: Shutting down and abandoning module UMGEditor (70)
[2016.04.13-07.35.21:045][599]LogModuleManager: Shutting down and abandoning module UMG (69)
[2016.04.13-07.35.21:045][599]LogModuleManager: Shutting down and abandoning module Slate (68)
[2016.04.13-07.35.21:045][599]LogModuleManager: Shutting down and abandoning module EditorStyle (67)
[2016.04.13-07.35.21:047][599]LogModuleManager: Shutting down and abandoning module SessionServices (66)
[2016.04.13-07.35.21:047][599]LogModuleManager: Shutting down and abandoning module SourceCodeAccess (65)
[2016.04.13-07.35.21:047][599]LogModuleManager: Shutting down and abandoning module HeadMountedDisplay (64)
[2016.04.13-07.35.21:047][599]LogModuleManager: Shutting down and abandoning module XAudio2 (63)
[2016.04.13-07.35.21:047][599]LogModuleManager: Shutting down and abandoning module Networking (61)
[2016.04.13-07.35.21:047][599]LogModuleManager: Shutting down and abandoning module Core (60)
[2016.04.13-07.35.21:047][599]LogModuleManager: Shutting down and abandoning module KismetCompiler (59)
[2016.04.13-07.35.21:047][599]LogModuleManager: Shutting down and abandoning module PhysXFormats (58)
[2016.04.13-07.35.21:047][599]LogModuleManager: Shutting down and abandoning module MeshUtilities (57)
[2016.04.13-07.35.21:047][599]LogModuleManager: Shutting down and abandoning module DerivedDataCache (56)
[2016.04.13-07.35.21:311][599]LogDerivedDataCache: Shutdown
[2016.04.13-07.35.21:311][599]LogModuleManager: Shutting down and abandoning module ShaderFormatOpenGL (55)
[2016.04.13-07.35.21:311][599]LogModuleManager: Shutting down and abandoning module ShaderFormatD3D (54)
[2016.04.13-07.35.21:311][599]LogModuleManager: Shutting down and abandoning module MetalShaderFormat (53)
[2016.04.13-07.35.21:311][599]LogModuleManager: Shutting down and abandoning module TextureFormatUncompressed (52)
[2016.04.13-07.35.21:311][599]LogModuleManager: Shutting down and abandoning module TextureFormatPVR (51)
[2016.04.13-07.35.21:311][599]LogModuleManager: Shutting down and abandoning module TextureFormatIntelISPCTexComp (50)
[2016.04.13-07.35.21:311][599]LogModuleManager: Shutting down and abandoning module TextureFormatDXT (49)
[2016.04.13-07.35.21:311][599]LogModuleManager: Shutting down and abandoning module ImageWrapper (48)
[2016.04.13-07.35.21:311][599]LogModuleManager: Shutting down and abandoning module TextureFormatASTC (47)
[2016.04.13-07.35.21:311][599]LogModuleManager: Shutting down and abandoning module TextureFormatAndroid (46)
[2016.04.13-07.35.21:311][599]LogModuleManager: Shutting down and abandoning module AudioFormatOpus (45)
[2016.04.13-07.35.21:311][599]LogModuleManager: Shutting down and abandoning module AudioFormatOgg (44)
[2016.04.13-07.35.21:311][599]LogModuleManager: Shutting down and abandoning module AudioFormatADPCM (43)
[2016.04.13-07.35.21:311][599]LogModuleManager: Shutting down and abandoning module LinuxTargetPlatform (42)
[2016.04.13-07.35.21:311][599]LogModuleManager: Shutting down and abandoning module LinuxServerTargetPlatform (41)
[2016.04.13-07.35.21:311][599]LogModuleManager: Shutting down and abandoning module LinuxNoEditorTargetPlatform (40)
[2016.04.13-07.35.21:311][599]LogModuleManager: Shutting down and abandoning module Messaging (39)
[2016.04.13-07.35.21:311][599]LogModuleManager: Shutting down and abandoning module IOSTargetPlatform (38)
[2016.04.13-07.35.21:311][599]LogModuleManager: Shutting down and abandoning module HTML5TargetPlatform (37)
[2016.04.13-07.35.21:311][599]LogModuleManager: Shutting down and abandoning module Android_PVRTCTargetPlatform (36)
[2016.04.13-07.35.21:311][599]LogModuleManager: Shutting down and abandoning module Android_MultiTargetPlatform (35)
[2016.04.13-07.35.21:311][599]LogModuleManager: Shutting down and abandoning module Android_ETC2TargetPlatform (34)
[2016.04.13-07.35.21:311][599]LogModuleManager: Shutting down and abandoning module Android_ETC1TargetPlatform (33)
[2016.04.13-07.35.21:311][599]LogModuleManager: Shutting down and abandoning module Android_DXTTargetPlatform (32)
[2016.04.13-07.35.21:311][599]LogModuleManager: Shutting down and abandoning module Android_ATCTargetPlatform (31)
[2016.04.13-07.35.21:311][599]LogModuleManager: Shutting down and abandoning module Android_ASTCTargetPlatform (30)
[2016.04.13-07.35.21:311][599]LogModuleManager: Shutting down and abandoning module AndroidTargetPlatform (29)
[2016.04.13-07.35.21:311][599]LogModuleManager: Shutting down and abandoning module WindowsTargetPlatform (28)
[2016.04.13-07.35.21:311][599]LogModuleManager: Shutting down and abandoning module WindowsServerTargetPlatform (27)
[2016.04.13-07.35.21:311][599]LogModuleManager: Shutting down and abandoning module WindowsNoEditorTargetPlatform (26)
[2016.04.13-07.35.21:311][599]LogModuleManager: Shutting down and abandoning module WindowsClientTargetPlatform (25)
[2016.04.13-07.35.21:311][599]LogModuleManager: Shutting down and abandoning module AllDesktopTargetPlatform (24)
[2016.04.13-07.35.21:311][599]LogModuleManager: Shutting down and abandoning module TargetPlatform (23)
[2016.04.13-07.35.21:311][599]LogModuleManager: Shutting down and abandoning module InputCore (22)
[2016.04.13-07.35.21:311][599]LogModuleManager: Shutting down and abandoning module Settings (21)
[2016.04.13-07.35.21:311][599]LogModuleManager: Shutting down and abandoning module OnlineSubsystem (19)
[2016.04.13-07.35.21:311][599]LogModuleManager: Shutting down and abandoning module HTTP (18)
[2016.04.13-07.35.22:813][599]LogModuleManager: Shutting down and abandoning module XMPP (17)
[2016.04.13-07.35.22:813][599]LogModuleManager: Shutting down and abandoning module OculusRift (16)
[2016.04.13-07.35.22:813][599]LogModuleManager: Shutting down and abandoning module ExampleDeviceProfileSelector (15)
[2016.04.13-07.35.22:813][599]LogModuleManager: Shutting down and abandoning module TextureCompressor (14)
[2016.04.13-07.35.22:813][599]LogModuleManager: Shutting down and abandoning module ShaderCore (13)
[2016.04.13-07.35.22:813][599]LogModuleManager: Shutting down and abandoning module Landscape (12)
[2016.04.13-07.35.22:813][599]LogModuleManager: Shutting down and abandoning module SlateRHIRenderer (11)
[2016.04.13-07.35.22:813][599]LogModuleManager: Shutting down and abandoning module OpenGLDrv (10)
[2016.04.13-07.35.22:813][599]LogModuleManager: Shutting down and abandoning module D3D11RHI (9)
[2016.04.13-07.35.22:813][599]LogModuleManager: Shutting down and abandoning module AnimGraphRuntime (8)
[2016.04.13-07.35.22:813][599]LogModuleManager: Shutting down and abandoning module Renderer (7)
[2016.04.13-07.35.22:814][599]LogModuleManager: Shutting down and abandoning module Engine (6)
[2016.04.13-07.35.22:814][599]LogModuleManager: Shutting down and abandoning module CoreUObject (5)
[2016.04.13-07.35.22:814][599]LogModuleManager: Shutting down and abandoning module NetworkFile (4)
[2016.04.13-07.35.22:814][599]LogModuleManager: Shutting down and abandoning module StreamingFile (3)
[2016.04.13-07.35.22:814][599]LogModuleManager: Shutting down and abandoning module SandboxFile (2)
[2016.04.13-07.35.22:814][599]LogModuleManager: Shutting down and abandoning module PakFile (1)
[2016.04.13-07.35.22:815][599]LogExit: Exiting.
[2016.04.13-07.35.22:823][599]Log file closed, 04/13/16 16:35:22
