[2016.04.14-00.37.12:696][  0]Log file open, 04/14/16 09:37:12
[2016.04.14-00.37.12:696][  0]LogInit:Display: Running engine for game: YouHaShock
[2016.04.14-00.37.12:696][  0]LogPlatformFile: Not using cached read wrapper
[2016.04.14-00.37.12:696][  0]LogInit:Display: RandInit(899028187) SRandInit(899028188).
[2016.04.14-00.37.12:696][  0]LogTaskGraph: Started task graph with 4 named threads and 7 total threads.
[2016.04.14-00.37.12:696][  0]LogStats: Stats thread started at 0.085107
[2016.04.14-00.37.12:696][  0]LogInit: Version: 4.10.4-2872498+++depot+UE4-Releases+4.10
[2016.04.14-00.37.12:696][  0]LogInit: API Version: 2758231
[2016.04.14-00.37.12:696][  0]LogInit: Compiled (64-bit): Feb 18 2016 15:47:04
[2016.04.14-00.37.12:696][  0]LogInit: Compiled with Visual C++: 19.00.23026.00
[2016.04.14-00.37.12:696][  0]LogInit: Build Configuration: Development
[2016.04.14-00.37.12:696][  0]LogInit: Branch Name: ++depot+UE4-Releases+4.10
[2016.04.14-00.37.12:696][  0]LogInit: Command line:  
[2016.04.14-00.37.12:696][  0]LogInit: Base directory: C:/Program Files (x86)/Epic Games/4.10/Engine/Binaries/Win64/
[2016.04.14-00.37.12:696][  0]LogInit: Rocket: 1
[2016.04.14-00.37.12:701][  0]LogInit: Using libcurl 7.41.0
[2016.04.14-00.37.12:701][  0]LogInit:  - built for x86_64-pc-win32
[2016.04.14-00.37.12:701][  0]LogInit:  - supports SSL with WinSSL
[2016.04.14-00.37.12:701][  0]LogInit:  - other features:
[2016.04.14-00.37.12:701][  0]LogInit:      CURL_VERSION_SSL
[2016.04.14-00.37.12:701][  0]LogInit:      CURL_VERSION_IPV6
[2016.04.14-00.37.12:701][  0]LogInit:      CURL_VERSION_ASYNCHDNS
[2016.04.14-00.37.12:701][  0]LogInit:      CURL_VERSION_LARGEFILE
[2016.04.14-00.37.12:701][  0]LogInit:      CURL_VERSION_IDN
[2016.04.14-00.37.12:701][  0]LogInit:  CurlRequestOptions (configurable via config and command line):
[2016.04.14-00.37.12:701][  0]LogInit:  - bVerifyPeer = true  - Libcurl will verify peer certificate
[2016.04.14-00.37.12:701][  0]LogInit:  - bUseHttpProxy = false  - Libcurl will NOT use HTTP proxy
[2016.04.14-00.37.12:701][  0]LogInit:  - bDontReuseConnections = false  - Libcurl will reuse connections
[2016.04.14-00.37.12:701][  0]LogInit:  - CertBundlePath = nullptr  - Libcurl will use whatever was configured at build time.
[2016.04.14-00.37.12:706][  0]LogInit: Presizing for 0 objects not considered by GC, pre-allocating 0 bytes.
[2016.04.14-00.37.12:711][  0]LogInit: Object subsystem initialized
[2016.04.14-00.37.12:712][  0]LogInit: Selected Device Profile: [Windows]
[2016.04.14-00.37.12:712][  0]LogInit: Applying CVar settings loaded from the selected device profile: [Windows]
[2016.04.14-00.37.12:719][  0]LogInit: Computer: DESKTOP-3FGIS47
[2016.04.14-00.37.12:719][  0]LogInit: User: root
[2016.04.14-00.37.12:719][  0]LogInit: CPU Page size=4096, Cores=4
[2016.04.14-00.37.12:719][  0]LogInit: High frequency timer resolution =3.328122 MHz
[2016.04.14-00.37.12:720][  0]LogMemory: Memory total: Physical=7.9GB (8GB approx)
[2016.04.14-00.37.12:720][  0]LogMemory: Platform Memory Stats for Windows
[2016.04.14-00.37.12:720][  0]LogMemory: Process Physical Memory: 56.02 MB used, 56.02 MB peak
[2016.04.14-00.37.12:720][  0]LogMemory: Process Virtual Memory: 58.71 MB used, 58.71 MB peak
[2016.04.14-00.37.12:720][  0]LogMemory: Physical Memory: 2550.18 MB used, 8112.36 MB total
[2016.04.14-00.37.12:720][  0]LogMemory: Virtual Memory: 384.15 MB used, 134217728.00 MB total
[2016.04.14-00.37.12:765][  0]LogTextLocalizationManager: No specific translations for ('ja-JP') exist, so ('ja') translations will be used.
[2016.04.14-00.37.12:835][  0]LogTextLocalizationManager:Warning: Loaded localization resources contain conflicting entries for (Namespace:K2Node, Key:false):
Localization Resource: (C:/Program Files (x86)/Epic Games/4.10/Engine/Content/Localization/EditorTutorials/ja/EditorTutorials.locres) Source String Hash: (816077464) Localized String: (偽)
Localization Resource: (C:/Program Files (x86)/Epic Games/4.10/Engine/Content/Localization/Engine/ja/Engine.locres) Source String Hash: (816077464) Localized String: (false)
[2016.04.14-00.37.12:835][  0]LogTextLocalizationManager:Warning: Loaded localization resources contain conflicting entries for (Namespace:K2Node, Key:true):
Localization Resource: (C:/Program Files (x86)/Epic Games/4.10/Engine/Content/Localization/EditorTutorials/ja/EditorTutorials.locres) Source String Hash: (-942328987) Localized String: (真)
Localization Resource: (C:/Program Files (x86)/Epic Games/4.10/Engine/Content/Localization/Engine/ja/Engine.locres) Source String Hash: (-942328987) Localized String: (true)
[2016.04.14-00.37.12:835][  0]LogTextLocalizationManager:Warning: Loaded localization resources contain conflicting entries for (Namespace:UObjectToolTips, Key:AnimNode_BlendSpacePlayer:bLoop):
Localization Resource: (C:/Program Files (x86)/Epic Games/4.10/Engine/Content/Localization/EditorTutorials/ja/EditorTutorials.locres) Source String Hash: (2133979316) Localized String: (再生が最後まで終わった後、ロープ再生するようにしますか？)
Localization Resource: (C:/Program Files (x86)/Epic Games/4.10/Engine/Content/Localization/ToolTips/ja/ToolTips.locres) Source String Hash: (2133979316) Localized String: (ループが最後まで到達した時に、アニメーションのループを継続するべきか？)
[2016.04.14-00.37.12:835][  0]LogTextLocalizationManager:Warning: Loaded localization resources contain conflicting entries for (Namespace:UObjectToolTips, Key:AnimNode_BlendSpacePlayer:X):
Localization Resource: (C:/Program Files (x86)/Epic Games/4.10/Engine/Content/Localization/EditorTutorials/ja/EditorTutorials.locres) Source String Hash: (2060772590) Localized String: (ブレンドスペースで値を取得するX座標)
Localization Resource: (C:/Program Files (x86)/Epic Games/4.10/Engine/Content/Localization/ToolTips/ja/ToolTips.locres) Source String Hash: (2060772590) Localized String: (ブレンドスペースでサンプリングするX座標)
[2016.04.14-00.37.12:835][  0]LogTextLocalizationManager:Warning: Loaded localization resources contain conflicting entries for (Namespace:UObjectToolTips, Key:AnimNode_BlendSpacePlayer:Y):
Localization Resource: (C:/Program Files (x86)/Epic Games/4.10/Engine/Content/Localization/EditorTutorials/ja/EditorTutorials.locres) Source String Hash: (-1719607538) Localized String: (ブレンドスペースで値を取得するY座標)
Localization Resource: (C:/Program Files (x86)/Epic Games/4.10/Engine/Content/Localization/ToolTips/ja/ToolTips.locres) Source String Hash: (-1719607538) Localized String: (ブレンドスペースでサンプリングするY座標)
[2016.04.14-00.37.12:835][  0]LogTextLocalizationManager:Warning: Loaded localization resources contain conflicting entries for (Namespace:UObjectToolTips, Key:AnimNode_BlendSpacePlayer:Z):
Localization Resource: (C:/Program Files (x86)/Epic Games/4.10/Engine/Content/Localization/EditorTutorials/ja/EditorTutorials.locres) Source String Hash: (1728943471) Localized String: (ブレンドスペースで値を取得するZ座標)
Localization Resource: (C:/Program Files (x86)/Epic Games/4.10/Engine/Content/Localization/ToolTips/ja/ToolTips.locres) Source String Hash: (1728943471) Localized String: (ブレンドスペースでサンプリングするZ座標)
[2016.04.14-00.37.12:835][  0]LogTextLocalizationManager:Warning: Loaded localization resources contain conflicting entries for (Namespace:UObjectToolTips, Key:AnimNode_BlendSpacePlayer:BlendSpace):
Localization Resource: (C:/Program Files (x86)/Epic Games/4.10/Engine/Content/Localization/EditorTutorials/ja/EditorTutorials.locres) Source String Hash: (1599043277) Localized String: (再生するブレンドスペースのアセット)
Localization Resource: (C:/Program Files (x86)/Epic Games/4.10/Engine/Content/Localization/ToolTips/ja/ToolTips.locres) Source String Hash: (1599043277) Localized String: (再生するブレンド空間アセット)
[2016.04.14-00.37.12:835][  0]LogTextLocalizationManager:Warning: Loaded localization resources contain conflicting entries for (Namespace:UObjectToolTips, Key:AnimNode_StateMachine:MaxTransitionsPerFrame):
Localization Resource: (C:/Program Files (x86)/Epic Games/4.10/Engine/Content/Localization/EditorTutorials/ja/EditorTutorials.locres) Source String Hash: (1567650430) Localized String: (このマシーンで1フレームあたりに同時に処理できるトランジションの最大数)
Localization Resource: (C:/Program Files (x86)/Epic Games/4.10/Engine/Content/Localization/ToolTips/ja/ToolTips.locres) Source String Hash: (1567650430) Localized String: (単一フレームでマシーンが「同時」に受け取れる遷移の最大数)
[2016.04.14-00.37.12:835][  0]LogTextLocalizationManager:Warning: Loaded localization resources contain conflicting entries for (Namespace:UObjectToolTips, Key:AnimNode_BlendSpacePlayer:PlayRate):
Localization Resource: (C:/Program Files (x86)/Epic Games/4.10/Engine/Content/Localization/EditorTutorials/ja/EditorTutorials.locres) Source String Hash: (-1274923958) Localized String: (再生速度の倍率です。負の数値も使う事ができます。その場合逆再生になります。)
Localization Resource: (C:/Program Files (x86)/Epic Games/4.10/Engine/Content/Localization/ToolTips/ja/ToolTips.locres) Source String Hash: (-1274923958) Localized String: (再生レート乗数。アニメーションを逆再生する負の値にすることができます。)
[2016.04.14-00.37.13:021][  0]LogD3D11RHI: Found D3D11 adapter 0: NVIDIA GeForce GTX 960 (Feature Level 11_0)
[2016.04.14-00.37.13:021][  0]LogD3D11RHI: Adapter has 1969MB of dedicated video memory, 0MB of dedicated system memory, and 4056MB of shared system memory, 2 output[s]
[2016.04.14-00.37.13:023][  0]LogD3D11RHI: Found D3D11 adapter 1: Microsoft Basic Render Driver (Feature Level 11_0)
[2016.04.14-00.37.13:023][  0]LogD3D11RHI: Adapter has 0MB of dedicated video memory, 0MB of dedicated system memory, and 4056MB of shared system memory, 0 output[s]
[2016.04.14-00.37.13:023][  0]LogD3D11RHI: Chosen D3D11 Adapter Id = 0
[2016.04.14-00.37.13:027][  0]LogD3D11RHI: !Direct3DDevice
[2016.04.14-00.37.13:027][  0]LogRHI: Texture pool is 1361 MB (70% of 1945 MB)
[2016.04.14-00.37.13:041][  0]LogD3D11RHI: Async texture creation enabled
[2016.04.14-00.37.13:055][  0]LogShaderCompilers: Guid format shader working directory is -15 characters bigger than the processId version (../../../../../../Users/root/Documents/SourceTree/YouHaShock/Intermediate/Shaders/WorkingDirectory/9488/).
[2016.04.14-00.37.13:056][  0]LogShaderCompilers: Cleaned the shader compiler working directory 'C:/Users/root/AppData/Local/Temp/UnrealShaderWorkingDir/D6A0788D43B6F3DC38407CA49DF5DF9E/'.
[2016.04.14-00.37.13:056][  0]LogShaderCompilers:Display: Using Local Shader Compiler.
[2016.04.14-00.37.13:805][  0]LogTemp:Display: Loaded TP AllDesktopTargetPlatform
[2016.04.14-00.37.13:809][  0]LogTemp:Display: Loaded TP WindowsClientTargetPlatform
[2016.04.14-00.37.13:814][  0]LogTemp:Display: Loaded TP WindowsNoEditorTargetPlatform
[2016.04.14-00.37.13:820][  0]LogTemp:Display: Loaded TP WindowsServerTargetPlatform
[2016.04.14-00.37.13:825][  0]LogTemp:Display: Loaded TP WindowsTargetPlatform
[2016.04.14-00.37.13:831][  0]LogTemp:Display: Loaded TP AndroidTargetPlatform
[2016.04.14-00.37.13:835][  0]LogTemp:Display: Loaded TP Android_ASTCTargetPlatform
[2016.04.14-00.37.13:840][  0]LogTemp:Display: Loaded TP Android_ATCTargetPlatform
[2016.04.14-00.37.13:846][  0]LogTemp:Display: Loaded TP Android_DXTTargetPlatform
[2016.04.14-00.37.13:851][  0]LogTemp:Display: Loaded TP Android_ETC1TargetPlatform
[2016.04.14-00.37.13:857][  0]LogTemp:Display: Loaded TP Android_ETC2TargetPlatform
[2016.04.14-00.37.13:867][  0]LogTemp:Display: Loaded TP Android_MultiTargetPlatform
[2016.04.14-00.37.13:867][  0]LogTemp:Display: Loaded TP Android_PVRTCTargetPlatform
[2016.04.14-00.37.13:869][  0]LogTemp:Display: Loaded TP HTML5TargetPlatform
[2016.04.14-00.37.13:894][  0]LogTemp:Display: Loaded TP IOSTargetPlatform
[2016.04.14-00.37.13:900][  0]LogTemp:Display: Loaded TP LinuxNoEditorTargetPlatform
[2016.04.14-00.37.13:904][  0]LogTemp:Display: Loaded TP LinuxServerTargetPlatform
[2016.04.14-00.37.13:913][  0]LogTemp:Display: Loaded TP LinuxTargetPlatform
[2016.04.14-00.37.13:913][  0]LogTargetPlatformManager:Display: Building Assets For Windows
[2016.04.14-00.37.14:049][  0]LogDerivedDataCache:Display: Max Cache Size: 512 MB
[2016.04.14-00.37.14:215][  0]LogDerivedDataCache: Loaded boot cache 0.17s 41MB C:/Users/root/AppData/Local/UnrealEngine/4.10/DerivedDataCache/Boot.ddc.
[2016.04.14-00.37.14:215][  0]LogDerivedDataCache:Display: Loaded Boot cache: C:/Users/root/AppData/Local/UnrealEngine/4.10/DerivedDataCache/Boot.ddc
[2016.04.14-00.37.14:215][  0]LogDerivedDataCache: FDerivedDataBackendGraph:  Pak pak cache file ../../../../../../Users/root/Documents/SourceTree/YouHaShock/DerivedDataCache/DDC.ddp not found, will not use a pak cache.
[2016.04.14-00.37.14:215][  0]LogDerivedDataCache: Unable to find inner node Pak for hierarchical cache Hierarchy.
[2016.04.14-00.37.14:215][  0]LogDerivedDataCache: FDerivedDataBackendGraph:  CompressedPak pak cache file ../../../../../../Users/root/Documents/SourceTree/YouHaShock/DerivedDataCache/Compressed.ddp not found, will not use a pak cache.
[2016.04.14-00.37.14:215][  0]LogDerivedDataCache: Unable to find inner node CompressedPak for hierarchical cache Hierarchy.
[2016.04.14-00.37.14:270][  0]LogDerivedDataCache:Display: Pak cache opened for reading ../../../Engine/DerivedDataCache/Compressed.ddp.
[2016.04.14-00.37.14:284][  0]LogDerivedDataCache: Using Local data cache path C:/Users/root/AppData/Local/UnrealEngine/Common/DerivedDataCache: Writable
[2016.04.14-00.37.15:060][  0]LogInit: Selected Device Profile: [Windows]
[2016.04.14-00.37.15:072][  0]LogContentStreaming: Texture pool size is 0.000000MB
[2016.04.14-00.37.15:272][  0]LogMeshUtilities: No automatic mesh reduction module available
[2016.04.14-00.37.15:272][  0]LogMeshUtilities: No automatic mesh merging module available
[2016.04.14-00.37.15:680][  0]LogInit: WinSock: version 1.1 (2.2), MaxSocks=32767, MaxUdp=65467
[2016.04.14-00.37.17:415][  0]UdpMessaging: Initializing bridge on interface 0.0.0.0:0 to multicast group 230.0.0.1:6666.
[2016.04.14-00.37.17:593][  0]LogAssetRegistry: FAssetRegistry took 0.0134 seconds to start up
[2016.04.14-00.37.17:985][  0]SourceControl: 情報 ソースコントロールは無効です
[2016.04.14-00.37.18:045][  0]SourceControl: 情報 ソースコントロールは無効です
[2016.04.14-00.37.18:072][  0]SourceControl: 情報 ソースコントロールは無効です
[2016.04.14-00.37.18:093][  0]SourceControl: 情報 ソースコントロールは無効です
[2016.04.14-00.37.18:480][  0]LogObj: 28633 objects as part of root set at end of initial load.
[2016.04.14-00.37.18:480][  0]LogUObjectAllocator: 6099744 out of 0 bytes used by permanent object pool.
[2016.04.14-00.37.18:587][  0]LogEngine: Initializing Engine...
[2016.04.14-00.37.18:590][  0]LogHMD: Can't find Oculus library dev build: is proper Runtime installed? Version: 0.8.0.0
[2016.04.14-00.37.18:593][  0]LogHMD: SteamVR failed to initialize.  Err: 110
[2016.04.14-00.37.18:746][  0]LogAIModule: Creating AISystem for world NewWorld
[2016.04.14-00.37.18:771][  0]LogInit: XAudio2 using 'ASUS PB279-0 (NVIDIA High Definition Audio)' : 2 channels at 48 kHz using 16 bits per sample (channel mask 0x3)
[2016.04.14-00.37.18:786][  0]LogInit: FAudioDevice initialized.
[2016.04.14-00.37.18:803][  0]LogDerivedDataCache: Saved boot cache 0.02s 41MB C:/Users/root/AppData/Local/UnrealEngine/4.10/DerivedDataCache/Boot.ddc.
[2016.04.14-00.37.18:806][  0]LogInit: Texture streaming: Enabled
[2016.04.14-00.37.18:829][  0]LogAnalytics: Creating configured Analytics provider AnalyticsET
[2016.04.14-00.37.18:830][  0]LogAnalytics: [UEEditor.Rocket.Release] APIServer = http://et2.epicgames.com/ET2/. AppVersion = 4.10.4-2872498+++depot+UE4-Releases+4.10
[2016.04.14-00.37.18:830][  0]LogAnalytics: [UEEditor.Rocket.Release] SetUserId 9e134f6045264bdc110d668ebaba8e11|278cf325558041349b6264c3be001f84|526e734b-a5cd-45ce-bc9b-48d080aa42fc
[2016.04.14-00.37.18:831][  0]LogAnalytics: [UEEditor.Rocket.Release] AnalyticsET::StartSession
[2016.04.14-00.37.18:846][  0]LogInit: Transaction tracking system initialized
[2016.04.14-00.37.18:900][  0]BlueprintLog: New page: エディタの読み込み
[2016.04.14-00.37.19:094][  0]LocalizationService: 情報 ローカライズのサービスが無効になりました
[2016.04.14-00.37.19:241][  0]LogConsoleResponse:Display: 
[2016.04.14-00.37.19:460][  0]LogCook:Display: Done creating registry. It took  0.00s.
[2016.04.14-00.37.19:472][  0]LogFileCache: Scanning file cache for directory 'C:/Users/root/Documents/SourceTree/YouHaShock/Content/' took 0.02s
[2016.04.14-00.37.19:570][  0]SourceControl: 情報 ソースコントロールは無効です
[2016.04.14-00.37.19:573][  0]Cmd: MAP LOAD FILE="../../../../../../Users/root/Documents/SourceTree/YouHaShock/Content/Level/GameLevel.umap" TEMPLATE=0 SHOWPROGRESS=1 FEATURELEVEL=3
[2016.04.14-00.37.19:577][  0]LightingResults: New page: ライティングのビルド
[2016.04.14-00.37.19:587][  0]MapCheck: New page: マップをチェック
[2016.04.14-00.37.19:587][  0]LightingResults: New page: <何も選択されていません>
[2016.04.14-00.37.19:608][  0]LogParticles: Destroying 0 GPU particle simulations for FXSystem 0x000001B10D16E160
[2016.04.14-00.37.20:384][  0]LogAIModule: Creating AISystem for world GameLevel
[2016.04.14-00.37.20:412][  0]LogEditorServer: Finished looking for orphan Actors (0.000 secs)
[2016.04.14-00.37.20:414][  0]Cmd: MAP CHECKDEP NOCLEARLOG
[2016.04.14-00.37.20:475][  0]MapCheck: 情報 マップチェックが完了: 0 エラー、 0 警告、完了に 61.267ミリ秒かかりました。
[2016.04.14-00.37.20:475][  0]LogFileHelpers: Loading map 'GameLevel' took 0.903
[2016.04.14-00.37.20:651][  0]LogCollectionManager: Loaded 0 collections in 0.001182 seconds
[2016.04.14-00.37.20:709][  0]LogFileCache: Scanning file cache for directory 'C:/Users/root/Documents/SourceTree/YouHaShock/Saved/Collections/' took 0.01s
[2016.04.14-00.37.20:709][  0]LogFileCache: Scanning file cache for directory 'C:/Users/root/Documents/SourceTree/YouHaShock/Content/Developers/root/Collections/' took 0.01s
[2016.04.14-00.37.20:709][  0]LogFileCache: Scanning file cache for directory 'C:/Users/root/Documents/SourceTree/YouHaShock/Content/Collections/' took 0.01s
[2016.04.14-00.37.20:709][  0]LogCollectionManager: Rebuilt the GUID cache for 0 collections in 0.000002 seconds
[2016.04.14-00.37.20:717][  0]LogContentBrowser: Native class hierarchy populated in 0.0073 seconds. Added 1893 classes and 338 folders.
[2016.04.14-00.37.20:728][  0]LogContentBrowser: Native class hierarchy updated for 'WidgetCarousel' in 0.0004 seconds. Added 0 classes and 0 folders.
[2016.04.14-00.37.20:949][  0]LogContentBrowser: Native class hierarchy updated for 'AddContentDialog' in 0.0003 seconds. Added 0 classes and 0 folders.
[2016.04.14-00.37.20:961][  0]LogContentBrowser: Native class hierarchy updated for 'SceneOutliner' in 0.0003 seconds. Added 1 classes and 2 folders.
[2016.04.14-00.37.21:105][  0]LogCrashTracker: Crashtracker disabled due to settings.
[2016.04.14-00.37.21:119][  0]LogUObjectGlobals:Warning: オブジェクト 'Class なし.' が見つかりませんでした
[2016.04.14-00.37.21:146][  0]LogLoad: Full Startup: 8.86 seconds (BP compile: 0.13 seconds)
[2016.04.14-00.37.21:160][  0]LogWindowsTextInputMethodSystem:Display: IME system now activated using TSF (Google 日本語入力).
[2016.04.14-00.37.21:162][  0]LogOcInput: Can't find Oculus library dev build: is proper Runtime installed? Version: 0.8.0.0
[2016.04.14-00.37.21:235][  0]LogContentStreaming: Texture pool size now 1000 MB
[2016.04.14-00.37.21:389][  0]LogRenderer: Reallocating scene render targets to support 1208x572 (Frame:2).
[2016.04.14-00.37.21:793][  4]LogAssetRegistry: Asset discovery search completed in 4.2121 seconds
[2016.04.14-00.37.21:793][  4]LogCollectionManager: Rebuilt the object cache for 0 collections in 0.000001 seconds (found 0 objects)
[2016.04.14-00.37.21:793][  4]LogCollectionManager: Fixed up redirectors for 0 collections in 0.000077 seconds (updated 0 objects)
[2016.04.14-00.38.22:478][ 37]LogRenderer: Reallocating scene render targets to support 2428x1276 (Frame:7044).
[2016.04.14-00.38.22:498][ 39]LogRenderTargetPool:Warning: r.RenderTargetPoolMin exceeded 502/400 MB (ok in editor, bad on fixed memory platform)
[2016.04.14-00.38.23:927][137]LogRenderTargetPool:Warning: r.RenderTargetPoolMin exceeded 504/400 MB (ok in editor, bad on fixed memory platform)
[2016.04.14-00.38.25:233][243]LogRenderTargetPool:Warning: r.RenderTargetPoolMin exceeded 492/400 MB (ok in editor, bad on fixed memory platform)
[2016.04.14-00.38.34:530][ 76]LogPlayLevel: PlayLevel: No blueprints needed recompiling
[2016.04.14-00.38.34:532][ 76]PIE: New page: PIEセッション: GameLevel (2016/04/14 18:38:34)
[2016.04.14-00.38.34:532][ 76]LogPlayLevel: Creating play world package: /Game/Level/UEDPIE_0_GameLevel
[2016.04.14-00.38.34:535][ 76]LogPlayLevel: PIE: StaticDuplicateObject took: (0.003472s)
[2016.04.14-00.38.34:536][ 76]LogAIModule: Creating AISystem for world GameLevel
[2016.04.14-00.38.34:536][ 76]LogPlayLevel: PIE: World Init took: (0.001054s)
[2016.04.14-00.38.34:537][ 76]LogPlayLevel: PIE: Created PIE world by copying editor world from /Game/Level/GameLevel.GameLevel to /Game/Level/UEDPIE_0_GameLevel.GameLevel (0.004985s)
[2016.04.14-00.38.34:537][ 76]LogActorComponent: UnregisterComponent: (/Engine/Transient.CharMoveComp) Not registered. Aborting.
[2016.04.14-00.38.34:563][ 76]LogInit: XAudio2 using 'ASUS PB279-0 (NVIDIA High Definition Audio)' : 2 channels at 48 kHz using 16 bits per sample (channel mask 0x3)
[2016.04.14-00.38.34:566][ 76]LogInit: FAudioDevice initialized.
[2016.04.14-00.38.34:615][ 76]LogWorld: Game class is 'ThirdPersonGameMode_C'
[2016.04.14-00.38.34:619][ 76]LogWorld: Bringing World /Game/Level/UEDPIE_0_GameLevel.GameLevel up for play (max tick rate 0) at 2016.04.14-09.38.34
[2016.04.14-00.38.34:619][ 76]LogActor:Warning: GameSession /Game/Level/UEDPIE_0_GameLevel.GameLevel:PersistentLevel.GameSession_0 has natively added scene component(s), but none of them were set as the actor's RootComponent - picking one arbitrarily
[2016.04.14-00.38.34:619][ 76]LogActor:Warning: GameNetworkManager /Game/Level/UEDPIE_0_GameLevel.GameLevel:PersistentLevel.GameNetworkManager_0 has natively added scene component(s), but none of them were set as the actor's RootComponent - picking one arbitrarily
[2016.04.14-00.38.34:620][ 76]LogWorld: Bringing up level for play took: 0.002134
[2016.04.14-00.38.34:630][ 76]PIE: 情報 /Game/Level/UEDPIE_0_GameLevel 0.547のプレイ イン エディタの開始時間
[2016.04.14-00.38.34:666][ 77]LogRenderTargetPool:Warning: r.RenderTargetPoolMin exceeded 518/400 MB (ok in editor, bad on fixed memory platform)
[2016.04.14-00.38.44:633][266]LogParticles: Destroying 0 GPU particle simulations for FXSystem 0x000001B11FA044A0
[2016.04.14-00.39.21:181][753]LogLinker:Warning: Asset '../../../Engine/Content/ArtTools/RenderToTexture/Macros/RenderToTextureMacros.uasset' has been saved with empty engine version. The asset will be loaded but may be incompatible.
[2016.04.14-00.39.21:578][753]LogContentBrowser: Native class hierarchy updated for 'BlueprintGraph' in 0.0007 seconds. Added 107 classes and 0 folders.
[2016.04.14-00.39.22:078][754]LogRenderTargetPool:Warning: r.RenderTargetPoolMin exceeded 512/400 MB (ok in editor, bad on fixed memory platform)
[2016.04.14-00.40.09:401][736]LogRenderer: Reallocating scene render targets to support 2428x1980 (Frame:15843).
[2016.04.14-00.40.14:578][996]LogActorComponent: UnregisterComponent: (/Engine/Transient.CharMoveComp) Not registered. Aborting.
[2016.04.14-00.40.47:201][729]BlueprintLog: New page: Enemy をコンパイル
[2016.04.14-00.40.47:300][729]BlueprintEditorCompileResults: 情報 [0215.02] Enemy のコンパイルに成功しました！  [ 98 ミリ秒]
[2016.04.14-00.40.48:718][794]Cmd: OBJ SAVEPACKAGE PACKAGE="/Game/Level/GameLevel" FILE="../../../../../../Users/root/Documents/SourceTree/YouHaShock/Content/Level/GameLevel.umap" SILENT=true AUTOSAVING=false KEEPDIRTY=false
[2016.04.14-00.40.48:774][794]LogSavePackage: Save=22.181879ms
[2016.04.14-00.40.48:774][794]LogSavePackage: Moving '../../../../../../Users/root/Documents/SourceTree/YouHaShock/Saved/GameLevel1EF2C6A74524AAE43EDC1EB5495E1DE7.tmp' to '../../../../../../Users/root/Documents/SourceTree/YouHaShock/Content/Level/GameLevel.umap'
[2016.04.14-00.40.48:779][794]LogSavePackage: Total save time: 35.431392ms
[2016.04.14-00.40.48:779][794]LogSavePackage:Display: Finished SavePackage ../../../../../../Users/root/Documents/SourceTree/YouHaShock/Content/Level/GameLevel.umap
[2016.04.14-00.40.48:806][794]LogFileHelpers: Saving map 'GameLevel' took 0.160
[2016.04.14-00.40.48:825][794]Cmd: OBJ SAVEPACKAGE PACKAGE="/Game/BluePrints/Enemy" FILE="../../../../../../Users/root/Documents/SourceTree/YouHaShock/Content/BluePrints/Enemy.uasset" SILENT=true
[2016.04.14-00.40.48:888][794]LogSavePackage: Save=54.963131ms
[2016.04.14-00.40.48:888][794]LogSavePackage: Moving '../../../../../../Users/root/Documents/SourceTree/YouHaShock/Saved/Enemy38E7B53E4FCE828A370CAE8CE869F1E7.tmp' to '../../../../../../Users/root/Documents/SourceTree/YouHaShock/Content/BluePrints/Enemy.uasset'
[2016.04.14-00.40.48:892][794]LogSavePackage: Total save time: 64.561334ms
[2016.04.14-00.40.48:892][794]LogSavePackage:Display: Finished SavePackage ../../../../../../Users/root/Documents/SourceTree/YouHaShock/Content/BluePrints/Enemy.uasset
[2016.04.14-00.41.28:779][835]LogActorComponent: UnregisterComponent: (/Engine/Transient.CharMoveComp) Not registered. Aborting.
[2016.04.14-00.41.37:578][732]LogActorComponent: UnregisterComponent: (/Engine/Transient.CharacterMovementComponent_0) Not registered. Aborting.
[2016.04.14-00.41.45:540][527]LogActorComponent: UnregisterComponent: (/Engine/Transient.CharacterMovementComponent_1) Not registered. Aborting.
[2016.04.14-00.42.01:454][165]BlueprintLog: New page: ThirdPersonCharacter をコンパイル
[2016.04.14-00.42.01:521][165]LogActorComponent: UnregisterComponent: (/Engine/Transient.CharacterMovementComponent_2) Not registered. Aborting.
[2016.04.14-00.42.01:553][165]BlueprintEditorCompileResults: 情報 [0289.27] ThirdPersonCharacter のコンパイルに成功しました！  [ 98 ミリ秒]
[2016.04.14-00.43.39:573][217]LogRenderTargetPool:Warning: r.RenderTargetPoolMin exceeded 741/400 MB (ok in editor, bad on fixed memory platform)
[2016.04.14-00.44.06:060][845]LogActorComponent: UnregisterComponent: (/Engine/Transient.CharMoveComp) Not registered. Aborting.
[2016.04.14-00.44.06:125][845]Cmd: OBJ SAVEPACKAGE PACKAGE="/Game/BluePrints/ThirdPersonCharacter" FILE="../../../../../../Users/root/Documents/SourceTree/YouHaShock/Content/BluePrints/ThirdPersonCharacter.uasset" SILENT=true
[2016.04.14-00.44.06:259][845]LogSavePackage: Save=116.360519ms
[2016.04.14-00.44.06:259][845]LogSavePackage: Moving '../../../../../../Users/root/Documents/SourceTree/YouHaShock/Saved/ThirdPersonCharacter749D1638442FD3A1D62D7193DE718457.tmp' to '../../../../../../Users/root/Documents/SourceTree/YouHaShock/Content/BluePrints/ThirdPersonCharacter.uasset'
[2016.04.14-00.44.06:265][845]LogSavePackage: Total save time: 136.260029ms
[2016.04.14-00.44.06:265][845]LogSavePackage:Display: Finished SavePackage ../../../../../../Users/root/Documents/SourceTree/YouHaShock/Content/BluePrints/ThirdPersonCharacter.uasset
[2016.04.14-00.44.13:165][564]BlueprintLog: New page: ThirdPersonCharacter をコンパイル
[2016.04.14-00.44.13:223][564]LogActorComponent: UnregisterComponent: (/Engine/Transient.CharMoveComp) Not registered. Aborting.
[2016.04.14-00.44.13:250][564]BlueprintEditorCompileResults: 情報 [0420.97] ThirdPersonCharacter のコンパイルに成功しました！  [ 85 ミリ秒]
[2016.04.14-00.44.13:891][620]Cmd: OBJ SAVEPACKAGE PACKAGE="/Game/BluePrints/ThirdPersonCharacter" FILE="../../../../../../Users/root/Documents/SourceTree/YouHaShock/Content/BluePrints/ThirdPersonCharacter.uasset" SILENT=true
[2016.04.14-00.44.14:014][620]LogSavePackage: Save=115.836502ms
[2016.04.14-00.44.14:014][620]LogSavePackage: Moving '../../../../../../Users/root/Documents/SourceTree/YouHaShock/Saved/ThirdPersonCharacter05BAA4BA449C73D68E592EBE5436769A.tmp' to '../../../../../../Users/root/Documents/SourceTree/YouHaShock/Content/BluePrints/ThirdPersonCharacter.uasset'
[2016.04.14-00.44.14:017][620]LogSavePackage: Total save time: 121.627454ms
[2016.04.14-00.44.14:017][620]LogSavePackage:Display: Finished SavePackage ../../../../../../Users/root/Documents/SourceTree/YouHaShock/Content/BluePrints/ThirdPersonCharacter.uasset
[2016.04.14-00.44.26:733][700]LogActorComponent: UnregisterComponent: (/Engine/Transient.CharMoveComp) Not registered. Aborting.
[2016.04.14-00.44.41:333][175]LogUObjectHash:Warning: Ambiguous search, could be K2Node_CallFunction /Game/BluePrints/Enemy.Enemy:EventGraph.K2Node_CallFunction_2584 or K2Node_CallFunction /Game/BluePrints/ThirdPersonCharacter.ThirdPersonCharacter:ExecuteUbergraph_ThirdPersonCharacter.K2Node_CallFunction_2584
[2016.04.14-00.44.41:333][175]LogProperty:Warning: ObjectProperty /Script/Engine.EdGraphPin:LinkedTo.LinkedTo: unresolved reference to 'EdGraphPin'K2Node_CallFunction_2584.EdGraphPin_4157''
[2016.04.14-00.45.18:930][961]BlueprintLog: New page: Enemy をコンパイル
[2016.04.14-00.45.19:017][961]BlueprintEditorCompileResults: 情報 [0486.73] Enemy のコンパイルに成功しました！  [ 87 ミリ秒]
[2016.04.14-00.47.23:045][293]LogRenderTargetPool:Warning: r.RenderTargetPoolMin exceeded 741/400 MB (ok in editor, bad on fixed memory platform)
[2016.04.14-00.47.34:695][449]LogActorComponent: UnregisterComponent: (/Engine/Transient.CharMoveComp) Not registered. Aborting.
[2016.04.14-00.47.34:819][449]Cmd: OBJ SAVEPACKAGE PACKAGE="/Game/Level/GameLevel" FILE="../../../../../../Users/root/Documents/SourceTree/YouHaShock/Content/Level/GameLevel.umap" SILENT=true AUTOSAVING=false KEEPDIRTY=false
[2016.04.14-00.47.34:870][449]LogSavePackage: Save=18.450947ms
[2016.04.14-00.47.34:870][449]LogSavePackage: Moving '../../../../../../Users/root/Documents/SourceTree/YouHaShock/Saved/GameLevelA2ADC68544B7CDB8E67F5FA6CAB6290E.tmp' to '../../../../../../Users/root/Documents/SourceTree/YouHaShock/Content/Level/GameLevel.umap'
[2016.04.14-00.47.34:878][449]LogSavePackage: Total save time: 33.852126ms
[2016.04.14-00.47.34:878][449]LogSavePackage:Display: Finished SavePackage ../../../../../../Users/root/Documents/SourceTree/YouHaShock/Content/Level/GameLevel.umap
[2016.04.14-00.47.34:906][449]LogFileHelpers: Saving map 'GameLevel' took 0.165
[2016.04.14-00.47.34:923][449]Cmd: OBJ SAVEPACKAGE PACKAGE="/Game/BluePrints/Enemy" FILE="../../../../../../Users/root/Documents/SourceTree/YouHaShock/Content/BluePrints/Enemy.uasset" SILENT=true
[2016.04.14-00.47.35:002][449]LogSavePackage: Save=70.317131ms
[2016.04.14-00.47.35:002][449]LogSavePackage: Moving '../../../../../../Users/root/Documents/SourceTree/YouHaShock/Saved/Enemy9FBB4F5A4846A5549EC6B88437C1463B.tmp' to '../../../../../../Users/root/Documents/SourceTree/YouHaShock/Content/BluePrints/Enemy.uasset'
[2016.04.14-00.47.35:007][449]LogSavePackage: Total save time: 80.742233ms
[2016.04.14-00.47.35:007][449]LogSavePackage:Display: Finished SavePackage ../../../../../../Users/root/Documents/SourceTree/YouHaShock/Content/BluePrints/Enemy.uasset
[2016.04.14-00.50.21:649][441]LogActorComponent: UnregisterComponent: (/Engine/Transient.CharMoveComp) Not registered. Aborting.
[2016.04.14-00.50.21:787][441]LogActorComponent: UnregisterComponent: (/Engine/Transient.EditorFloorComp) Not registered. Aborting.
[2016.04.14-00.50.21:838][441]LogActorComponent: UnregisterComponent: (/Engine/Transient.EditorFloorComp) Not registered. Aborting.
[2016.04.14-00.50.21:881][441]LogWindowsTextInputMethodSystem:Display: IME system now activated using TSF (Google 日本語入力).
[2016.04.14-00.50.22:060][442]Cmd: QUIT_EDITOR
[2016.04.14-00.50.22:194][442]LogExit: Preparing to exit.
[2016.04.14-00.50.22:668][442]LogExit: Editor shut down
[2016.04.14-00.50.22:668][442]LogExit: Transaction tracking system shut down
[2016.04.14-00.50.22:675][442]LogParticles: Destroying 0 GPU particle simulations for FXSystem 0x000001B10ACA0C20
[2016.04.14-00.50.22:676][442]LogParticles: Destroying 0 GPU particle simulations for FXSystem 0x000001B118517880
[2016.04.14-00.50.22:676][442]LogParticles: Destroying 0 GPU particle simulations for FXSystem 0x000001B11869C7C0
[2016.04.14-00.50.22:676][442]LogParticles: Destroying 0 GPU particle simulations for FXSystem 0x000001B11844D800
[2016.04.14-00.50.22:677][442]LogParticles: Destroying 0 GPU particle simulations for FXSystem 0x000001B17FC04F40
[2016.04.14-00.50.22:679][442]LogParticles: Destroying 0 GPU particle simulations for FXSystem 0x000001B13FBD4AE0
[2016.04.14-00.50.22:680][442]LogParticles: Destroying 0 GPU particle simulations for FXSystem 0x000001B13A99C680
[2016.04.14-00.50.22:829][442]LogExit: Object subsystem successfully closed.
[2016.04.14-00.50.22:854][442]LogD3D11RHI: Shutdown
[2016.04.14-00.50.22:854][442]LogD3D11RHI: CleanupD3DDevice
[2016.04.14-00.50.22:914][442]LogD3D11RHI: ~FD3D11DynamicRHI
[2016.04.14-00.50.22:939][442]LogModuleManager: Shutting down and abandoning module CookingStats (200)
[2016.04.14-00.50.22:939][442]LogModuleManager: Shutting down and abandoning module BlueprintGraph (199)
[2016.04.14-00.50.22:939][442]LogModuleManager: Shutting down and abandoning module CrashTracker (198)
[2016.04.14-00.50.22:939][442]LogModuleManager: Shutting down and abandoning module SceneOutliner (197)
[2016.04.14-00.50.22:939][442]LogModuleManager: Shutting down and abandoning module SuperSearch (196)
[2016.04.14-00.50.22:939][442]LogModuleManager: Shutting down and abandoning module WidgetCarousel (195)
[2016.04.14-00.50.22:939][442]LogModuleManager: Shutting down and abandoning module AddContentDialog (194)
[2016.04.14-00.50.22:941][442]LogModuleManager: Shutting down and abandoning module EditorWidgets (193)
[2016.04.14-00.50.22:941][442]LogModuleManager: Shutting down and abandoning module CollectionManager (192)
[2016.04.14-00.50.22:941][442]LogModuleManager: Shutting down and abandoning module StatsViewer (191)
[2016.04.14-00.50.22:941][442]LogModuleManager: Shutting down and abandoning module FoliageEdit (190)
[2016.04.14-00.50.22:941][442]LogModuleManager: Shutting down and abandoning module LandscapeEditor (189)
[2016.04.14-00.50.22:942][442]LogModuleManager: Shutting down and abandoning module ActorPickerMode (188)
[2016.04.14-00.50.22:942][442]LogModuleManager: Shutting down and abandoning module GeometryMode (187)
[2016.04.14-00.50.22:942][442]LogModuleManager: Shutting down and abandoning module TextureAlignMode (186)
[2016.04.14-00.50.22:942][442]LogModuleManager: Shutting down and abandoning module BspMode (185)
[2016.04.14-00.50.22:942][442]LogModuleManager: Shutting down and abandoning module PlacementMode (184)
[2016.04.14-00.50.22:942][442]LogModuleManager: Shutting down and abandoning module AutomationWorker (183)
[2016.04.14-00.50.22:942][442]LogModuleManager: Shutting down and abandoning module CharacterAI (182)
[2016.04.14-00.50.22:942][442]LogModuleManager: Shutting down and abandoning module SmartSnapping (181)
[2016.04.14-00.50.22:942][442]LogModuleManager: Shutting down and abandoning module ViewportSnapping (180)
[2016.04.14-00.50.22:942][442]LogModuleManager: Shutting down and abandoning module LogVisualizer (179)
[2016.04.14-00.50.22:942][442]LogModuleManager: Shutting down and abandoning module GameProjectGeneration (178)
[2016.04.14-00.50.22:943][442]LogModuleManager: Shutting down and abandoning module IntroTutorials (177)
[2016.04.14-00.50.22:943][442]LogModuleManager: Shutting down and abandoning module EditorLiveStreaming (176)
[2016.04.14-00.50.22:943][442]LogModuleManager: Shutting down and abandoning module IOSPlatformEditor (175)
[2016.04.14-00.50.22:943][442]LogModuleManager: Shutting down and abandoning module HTML5PlatformEditor (174)
[2016.04.14-00.50.22:943][442]LogModuleManager: Shutting down and abandoning module AndroidDeviceDetection (173)
[2016.04.14-00.50.23:348][442]LogModuleManager: Shutting down and abandoning module AndroidPlatformEditor (172)
[2016.04.14-00.50.23:348][442]LogModuleManager: Shutting down and abandoning module IOSRuntimeSettings (171)
[2016.04.14-00.50.23:348][442]LogModuleManager: Shutting down and abandoning module AndroidRuntimeSettings (170)
[2016.04.14-00.50.23:348][442]LogModuleManager: Shutting down and abandoning module MergeActors (169)
[2016.04.14-00.50.23:348][442]LogModuleManager: Shutting down and abandoning module SizeMap (168)
[2016.04.14-00.50.23:348][442]LogModuleManager: Shutting down and abandoning module TreeMap (167)
[2016.04.14-00.50.23:348][442]LogModuleManager: Shutting down and abandoning module ReferenceViewer (166)
[2016.04.14-00.50.23:348][442]LogModuleManager: Shutting down and abandoning module LocalizationService (165)
[2016.04.14-00.50.23:348][442]LogModuleManager: Shutting down and abandoning module LocalizationDashboard (164)
[2016.04.14-00.50.23:353][442]LogModuleManager: Shutting down and abandoning module HardwareTargeting (163)
[2016.04.14-00.50.23:353][442]LogModuleManager: Shutting down and abandoning module DeviceProfileEditor (162)
[2016.04.14-00.50.23:353][442]LogModuleManager: Shutting down and abandoning module UndoHistory (161)
[2016.04.14-00.50.23:353][442]LogModuleManager: Shutting down and abandoning module GameplayTagsEditor (160)
[2016.04.14-00.50.23:353][442]LogModuleManager: Shutting down and abandoning module UserFeedback (159)
[2016.04.14-00.50.23:353][442]LogModuleManager: Shutting down and abandoning module XmlParser (158)
[2016.04.14-00.50.23:353][442]LogModuleManager: Shutting down and abandoning module Blutility (157)
[2016.04.14-00.50.23:353][442]LogModuleManager: Shutting down and abandoning module ProjectTargetPlatformEditor (156)
[2016.04.14-00.50.23:353][442]LogModuleManager: Shutting down and abandoning module ProjectSettingsViewer (155)
[2016.04.14-00.50.23:354][442]LogModuleManager: Shutting down and abandoning module InputBindingEditor (154)
[2016.04.14-00.50.23:354][442]LogModuleManager: Shutting down and abandoning module EditorSettingsViewer (153)
[2016.04.14-00.50.23:354][442]LogModuleManager: Shutting down and abandoning module SettingsEditor (152)
[2016.04.14-00.50.23:354][442]LogModuleManager: Shutting down and abandoning module ProjectLauncher (151)
[2016.04.14-00.50.23:355][442]LogModuleManager: Shutting down and abandoning module SessionFrontend (150)
[2016.04.14-00.50.23:355][442]LogModuleManager: Shutting down and abandoning module ProfilerClient (149)
[2016.04.14-00.50.23:355][442]LogModuleManager: Shutting down and abandoning module TargetDeviceServices (148)
[2016.04.14-00.50.23:355][442]LogModuleManager: Shutting down and abandoning module DeviceManager (147)
[2016.04.14-00.50.23:355][442]LogModuleManager: Shutting down and abandoning module AutomationController (146)
[2016.04.14-00.50.23:355][442]LogModuleManager: Shutting down and abandoning module AutomationWindow (145)
[2016.04.14-00.50.23:356][442]LogModuleManager: Shutting down and abandoning module Layers (144)
[2016.04.14-00.50.23:357][442]LogModuleManager: Shutting down and abandoning module ComponentVisualizers (143)
[2016.04.14-00.50.23:357][442]LogModuleManager: Shutting down and abandoning module DetailCustomizations (142)
[2016.04.14-00.50.23:358][442]LogModuleManager: Shutting down and abandoning module PackagesDialog (141)
[2016.04.14-00.50.23:358][442]LogModuleManager: Shutting down and abandoning module Persona (140)
[2016.04.14-00.50.23:359][442]LogModuleManager: Shutting down and abandoning module Kismet (139)
[2016.04.14-00.50.23:359][442]LogModuleManager: Shutting down and abandoning module GraphEditor (138)
[2016.04.14-00.50.23:359][442]LogModuleManager: Shutting down and abandoning module ClassViewer (137)
[2016.04.14-00.50.23:359][442]LogModuleManager: Shutting down and abandoning module Toolbox (136)
[2016.04.14-00.50.23:359][442]LogModuleManager: Shutting down and abandoning module ModuleUI (135)
[2016.04.14-00.50.23:359][442]LogModuleManager: Shutting down and abandoning module MovieSceneTools (134)
[2016.04.14-00.50.23:359][442]LogModuleManager: Shutting down and abandoning module OutputLog (133)
[2016.04.14-00.50.23:359][442]LogModuleManager: Shutting down and abandoning module GammaUI (132)
[2016.04.14-00.50.23:360][442]LogModuleManager: Shutting down and abandoning module Documentation (131)
[2016.04.14-00.50.23:360][442]LogModuleManager: Shutting down and abandoning module GameLiveStreaming (130)
[2016.04.14-00.50.23:360][442]LogModuleManager: Shutting down and abandoning module StreamingPauseRendering (129)
[2016.04.14-00.50.23:360][442]LogModuleManager: Shutting down and abandoning module AnalyticsET (128)
[2016.04.14-00.50.23:360][442]LogModuleManager: Shutting down and abandoning module Analytics (127)
[2016.04.14-00.50.23:360][442]LogModuleManager: Shutting down and abandoning module AITestSuite (126)
[2016.04.14-00.50.23:360][442]LogModuleManager: Shutting down and abandoning module GameplayDebugger (125)
[2016.04.14-00.50.23:360][442]LogModuleManager: Shutting down and abandoning module AIModule (124)
[2016.04.14-00.50.23:360][442]LogModuleManager: Shutting down and abandoning module ProfilerService (123)
[2016.04.14-00.50.23:371][442]LogModuleManager: Shutting down and abandoning module TaskGraph (122)
[2016.04.14-00.50.23:372][442]LogModuleManager: Shutting down and abandoning module SlateRemote (121)
[2016.04.14-00.50.23:372][442]LogModuleManager: Shutting down and abandoning module SteamVRController (120)
[2016.04.14-00.50.23:372][442]LogModuleManager: Shutting down and abandoning module SteamVR (119)
[2016.04.14-00.50.23:372][442]LogModuleManager: Shutting down and abandoning module ProceduralMeshComponent (118)
[2016.04.14-00.50.23:372][442]LogModuleManager: Shutting down and abandoning module OculusLibrary (117)
[2016.04.14-00.50.23:372][442]LogModuleManager: Shutting down and abandoning module OculusInput (116)
[2016.04.14-00.50.23:372][442]LogModuleManager: Shutting down and abandoning module LeapMotionController (115)
[2016.04.14-00.50.23:383][442]LogModuleManager: Shutting down and abandoning module CustomMeshComponent (114)
[2016.04.14-00.50.23:383][442]LogModuleManager: Shutting down and abandoning module CableComponent (113)
[2016.04.14-00.50.23:383][442]LogModuleManager: Shutting down and abandoning module ArchVisCharacter (112)
[2016.04.14-00.50.23:383][442]LogModuleManager: Shutting down and abandoning module MessagingDebugger (111)
[2016.04.14-00.50.23:383][442]LogModuleManager: Shutting down and abandoning module MediaPlayerEditor (110)
[2016.04.14-00.50.23:384][442]LogModuleManager: Shutting down and abandoning module HTML5Networking (109)
[2016.04.14-00.50.23:384][442]LogModuleManager: Shutting down and abandoning module SpeedTreeImporter (108)
[2016.04.14-00.50.23:384][442]LogModuleManager: Shutting down and abandoning module PluginBrowser (107)
[2016.04.14-00.50.23:384][442]LogModuleManager: Shutting down and abandoning module EpicSurvey (106)
[2016.04.14-00.50.23:384][442]LogModuleManager: Shutting down and abandoning module DesktopPlatform (105)
[2016.04.14-00.50.23:384][442]LogModuleManager: Shutting down and abandoning module VisualStudioSourceCodeAccess (104)
[2016.04.14-00.50.23:384][442]LogModuleManager: Shutting down and abandoning module UObjectPlugin (103)
[2016.04.14-00.50.23:384][442]LogModuleManager: Shutting down and abandoning module SubversionSourceControl (102)
[2016.04.14-00.50.23:384][442]LogModuleManager: Shutting down and abandoning module PerforceSourceControl (101)
[2016.04.14-00.50.23:384][442]LogModuleManager: Shutting down and abandoning module SourceControl (100)
[2016.04.14-00.50.23:385][442]LogModuleManager: Shutting down and abandoning module GitSourceControl (99)
[2016.04.14-00.50.23:385][442]LogModuleManager: Shutting down and abandoning module LightPropagationVolumeEditor (98)
[2016.04.14-00.50.23:385][442]LogModuleManager: Shutting down and abandoning module PaperTiledImporter (97)
[2016.04.14-00.50.23:385][442]LogModuleManager: Shutting down and abandoning module PaperSpriteSheetImporter (96)
[2016.04.14-00.50.23:385][442]LogModuleManager: Shutting down and abandoning module MeshPaint (95)
[2016.04.14-00.50.23:385][442]LogModuleManager: Shutting down and abandoning module SlateReflector (94)
[2016.04.14-00.50.23:385][442]LogModuleManager: Shutting down and abandoning module HotReload (93)
[2016.04.14-00.50.23:385][442]LogModuleManager: Shutting down and abandoning module MainFrame (92)
[2016.04.14-00.50.23:385][442]LogModuleManager: Shutting down and abandoning module LevelEditor (91)
[2016.04.14-00.50.23:386][442]LogModuleManager: Shutting down and abandoning module DirectoryWatcher (90)
[2016.04.14-00.50.23:387][442]LogModuleManager: Shutting down and abandoning module AssetRegistry (89)
[2016.04.14-00.50.23:480][442]LogModuleManager: Shutting down and abandoning module ContentBrowser (88)
[2016.04.14-00.50.23:480][442]LogModuleManager: Shutting down and abandoning module Paper2DEditor (87)
[2016.04.14-00.50.23:486][442]LogModuleManager: Shutting down and abandoning module UdpMessaging (86)
[2016.04.14-00.50.23:586][442]LogModuleManager: Shutting down and abandoning module LightPropagationVolumeRuntime (85)
[2016.04.14-00.50.23:586][442]LogModuleManager: Shutting down and abandoning module Paper2D (84)
[2016.04.14-00.50.23:586][442]LogModuleManager: Shutting down and abandoning module WindowsMoviePlayer (83)
[2016.04.14-00.50.23:588][442]LogModuleManager: Shutting down and abandoning module Media (82)
[2016.04.14-00.50.23:588][442]LogModuleManager: Shutting down and abandoning module WmfMedia (81)
[2016.04.14-00.50.23:588][442]LogModuleManager: Shutting down and abandoning module OnlineBlueprintSupport (80)
[2016.04.14-00.50.23:588][442]LogModuleManager: Shutting down and abandoning module GameplayTasksEditor (79)
[2016.04.14-00.50.23:588][442]LogModuleManager: Shutting down and abandoning module PropertyEditor (78)
[2016.04.14-00.50.23:588][442]LogModuleManager: Shutting down and abandoning module BehaviorTreeEditor (77)
[2016.04.14-00.50.23:594][442]LogModuleManager: Shutting down and abandoning module FunctionalTesting (76)
[2016.04.14-00.50.23:594][442]LogModuleManager: Shutting down and abandoning module CollisionAnalyzer (75)
[2016.04.14-00.50.23:594][442]LogModuleManager: Shutting down and abandoning module WorkspaceMenuStructure (74)
[2016.04.14-00.50.23:594][442]LogModuleManager: Shutting down and abandoning module MessageLog (73)
[2016.04.14-00.50.23:594][442]LogModuleManager: Shutting down and abandoning module Sequencer (72)
[2016.04.14-00.50.23:595][442]LogModuleManager: Shutting down and abandoning module AssetTools (71)
[2016.04.14-00.50.23:597][442]LogModuleManager: Shutting down and abandoning module UMGEditor (70)
[2016.04.14-00.50.23:598][442]LogModuleManager: Shutting down and abandoning module UMG (69)
[2016.04.14-00.50.23:598][442]LogModuleManager: Shutting down and abandoning module Slate (68)
[2016.04.14-00.50.23:599][442]LogModuleManager: Shutting down and abandoning module EditorStyle (67)
[2016.04.14-00.50.23:601][442]LogModuleManager: Shutting down and abandoning module SessionServices (66)
[2016.04.14-00.50.23:601][442]LogModuleManager: Shutting down and abandoning module SourceCodeAccess (65)
[2016.04.14-00.50.23:601][442]LogModuleManager: Shutting down and abandoning module HeadMountedDisplay (64)
[2016.04.14-00.50.23:601][442]LogModuleManager: Shutting down and abandoning module XAudio2 (63)
[2016.04.14-00.50.23:601][442]LogModuleManager: Shutting down and abandoning module Networking (61)
[2016.04.14-00.50.23:601][442]LogModuleManager: Shutting down and abandoning module Core (60)
[2016.04.14-00.50.23:601][442]LogModuleManager: Shutting down and abandoning module KismetCompiler (59)
[2016.04.14-00.50.23:601][442]LogModuleManager: Shutting down and abandoning module PhysXFormats (58)
[2016.04.14-00.50.23:601][442]LogModuleManager: Shutting down and abandoning module MeshUtilities (57)
[2016.04.14-00.50.23:602][442]LogModuleManager: Shutting down and abandoning module DerivedDataCache (56)
[2016.04.14-00.50.23:604][442]LogDerivedDataCache: Shutdown
[2016.04.14-00.50.23:604][442]LogModuleManager: Shutting down and abandoning module ShaderFormatOpenGL (55)
[2016.04.14-00.50.23:605][442]LogModuleManager: Shutting down and abandoning module ShaderFormatD3D (54)
[2016.04.14-00.50.23:605][442]LogModuleManager: Shutting down and abandoning module MetalShaderFormat (53)
[2016.04.14-00.50.23:606][442]LogModuleManager: Shutting down and abandoning module TextureFormatUncompressed (52)
[2016.04.14-00.50.23:606][442]LogModuleManager: Shutting down and abandoning module TextureFormatPVR (51)
[2016.04.14-00.50.23:606][442]LogModuleManager: Shutting down and abandoning module TextureFormatIntelISPCTexComp (50)
[2016.04.14-00.50.23:606][442]LogModuleManager: Shutting down and abandoning module TextureFormatDXT (49)
[2016.04.14-00.50.23:606][442]LogModuleManager: Shutting down and abandoning module ImageWrapper (48)
[2016.04.14-00.50.23:606][442]LogModuleManager: Shutting down and abandoning module TextureFormatASTC (47)
[2016.04.14-00.50.23:606][442]LogModuleManager: Shutting down and abandoning module TextureFormatAndroid (46)
[2016.04.14-00.50.23:606][442]LogModuleManager: Shutting down and abandoning module AudioFormatOpus (45)
[2016.04.14-00.50.23:606][442]LogModuleManager: Shutting down and abandoning module AudioFormatOgg (44)
[2016.04.14-00.50.23:606][442]LogModuleManager: Shutting down and abandoning module AudioFormatADPCM (43)
[2016.04.14-00.50.23:606][442]LogModuleManager: Shutting down and abandoning module LinuxTargetPlatform (42)
[2016.04.14-00.50.23:606][442]LogModuleManager: Shutting down and abandoning module LinuxServerTargetPlatform (41)
[2016.04.14-00.50.23:606][442]LogModuleManager: Shutting down and abandoning module LinuxNoEditorTargetPlatform (40)
[2016.04.14-00.50.23:606][442]LogModuleManager: Shutting down and abandoning module Messaging (39)
[2016.04.14-00.50.23:606][442]LogModuleManager: Shutting down and abandoning module IOSTargetPlatform (38)
[2016.04.14-00.50.23:606][442]LogModuleManager: Shutting down and abandoning module HTML5TargetPlatform (37)
[2016.04.14-00.50.23:606][442]LogModuleManager: Shutting down and abandoning module Android_PVRTCTargetPlatform (36)
[2016.04.14-00.50.23:606][442]LogModuleManager: Shutting down and abandoning module Android_MultiTargetPlatform (35)
[2016.04.14-00.50.23:606][442]LogModuleManager: Shutting down and abandoning module Android_ETC2TargetPlatform (34)
[2016.04.14-00.50.23:606][442]LogModuleManager: Shutting down and abandoning module Android_ETC1TargetPlatform (33)
[2016.04.14-00.50.23:606][442]LogModuleManager: Shutting down and abandoning module Android_DXTTargetPlatform (32)
[2016.04.14-00.50.23:606][442]LogModuleManager: Shutting down and abandoning module Android_ATCTargetPlatform (31)
[2016.04.14-00.50.23:606][442]LogModuleManager: Shutting down and abandoning module Android_ASTCTargetPlatform (30)
[2016.04.14-00.50.23:606][442]LogModuleManager: Shutting down and abandoning module AndroidTargetPlatform (29)
[2016.04.14-00.50.23:606][442]LogModuleManager: Shutting down and abandoning module WindowsTargetPlatform (28)
[2016.04.14-00.50.23:606][442]LogModuleManager: Shutting down and abandoning module WindowsServerTargetPlatform (27)
[2016.04.14-00.50.23:606][442]LogModuleManager: Shutting down and abandoning module WindowsNoEditorTargetPlatform (26)
[2016.04.14-00.50.23:606][442]LogModuleManager: Shutting down and abandoning module WindowsClientTargetPlatform (25)
[2016.04.14-00.50.23:606][442]LogModuleManager: Shutting down and abandoning module AllDesktopTargetPlatform (24)
[2016.04.14-00.50.23:606][442]LogModuleManager: Shutting down and abandoning module TargetPlatform (23)
[2016.04.14-00.50.23:606][442]LogModuleManager: Shutting down and abandoning module InputCore (22)
[2016.04.14-00.50.23:606][442]LogModuleManager: Shutting down and abandoning module Settings (21)
[2016.04.14-00.50.23:606][442]LogModuleManager: Shutting down and abandoning module OnlineSubsystem (19)
[2016.04.14-00.50.23:606][442]LogModuleManager: Shutting down and abandoning module HTTP (18)
[2016.04.14-00.50.25:609][442]LogModuleManager: Shutting down and abandoning module XMPP (17)
[2016.04.14-00.50.25:615][442]LogModuleManager: Shutting down and abandoning module OculusRift (16)
[2016.04.14-00.50.25:617][442]LogModuleManager: Shutting down and abandoning module ExampleDeviceProfileSelector (15)
[2016.04.14-00.50.25:617][442]LogModuleManager: Shutting down and abandoning module TextureCompressor (14)
[2016.04.14-00.50.25:618][442]LogModuleManager: Shutting down and abandoning module ShaderCore (13)
[2016.04.14-00.50.25:618][442]LogModuleManager: Shutting down and abandoning module Landscape (12)
[2016.04.14-00.50.25:618][442]LogModuleManager: Shutting down and abandoning module SlateRHIRenderer (11)
[2016.04.14-00.50.25:621][442]LogModuleManager: Shutting down and abandoning module OpenGLDrv (10)
[2016.04.14-00.50.25:622][442]LogModuleManager: Shutting down and abandoning module D3D11RHI (9)
[2016.04.14-00.50.25:622][442]LogModuleManager: Shutting down and abandoning module AnimGraphRuntime (8)
[2016.04.14-00.50.25:622][442]LogModuleManager: Shutting down and abandoning module Renderer (7)
[2016.04.14-00.50.25:622][442]LogModuleManager: Shutting down and abandoning module Engine (6)
[2016.04.14-00.50.25:622][442]LogModuleManager: Shutting down and abandoning module CoreUObject (5)
[2016.04.14-00.50.25:622][442]LogModuleManager: Shutting down and abandoning module NetworkFile (4)
[2016.04.14-00.50.25:622][442]LogModuleManager: Shutting down and abandoning module StreamingFile (3)
[2016.04.14-00.50.25:622][442]LogModuleManager: Shutting down and abandoning module SandboxFile (2)
[2016.04.14-00.50.25:623][442]LogModuleManager: Shutting down and abandoning module PakFile (1)
[2016.04.14-00.50.25:624][442]LogExit: Exiting.
[2016.04.14-00.50.25:625][442]Log file closed, 04/14/16 09:50:25
